#
# There is insufficient memory for the Java Runtime Environment to continue.
# Native memory allocation (malloc) failed to allocate 32784 bytes for Chunk::new
# Possible reasons:
#   The system is out of physical RAM or swap space
#   The process is running with CompressedOops enabled, and the Java Heap may be blocking the growth of the native heap
# Possible solutions:
#   Reduce memory load on the system
#   Increase physical memory or swap space
#   Check if swap backing store is full
#   Decrease Java heap size (-Xmx/-Xms)
#   Decrease number of Java threads
#   Decrease Java thread stack sizes (-Xss)
#   Set larger code cache with -XX:ReservedCodeCacheSize=
#   JVM is running with Unscaled Compressed Oops mode in which the Java heap is
#     placed in the first 4GB address space. The Java Heap base address is the
#     maximum limit for the native heap growth. Please use -XX:HeapBaseMinAddress
#     to set the Java Heap base and to place the Java Heap above 4GB virtual address.
# This output file may be truncated or incomplete.
#
#  Out of Memory Error (arena.cpp:189), pid=7512, tid=2916
#
# JRE version: OpenJDK Runtime Environment Temurin-17.0.6+10 (17.0.6+10) (build 17.0.6+10)
# Java VM: OpenJDK 64-Bit Server VM Temurin-17.0.6+10 (17.0.6+10, mixed mode, tiered, compressed oops, compressed class ptrs, parallel gc, windows-amd64)
# No core dump will be written. Minidumps are not enabled by default on client versions of Windows
#

---------------  S U M M A R Y ------------

Command Line: --add-modules=ALL-SYSTEM --add-opens=java.base/java.util=ALL-UNNAMED --add-opens=java.base/java.lang=ALL-UNNAMED --add-opens=java.base/sun.nio.fs=ALL-UNNAMED -Declipse.application=org.eclipse.jdt.ls.core.id1 -Dosgi.bundles.defaultStartLevel=4 -Declipse.product=org.eclipse.jdt.ls.core.product -Djava.import.generatesMetadataFilesAtProjectRoot=false -Dfile.encoding=utf8 -XX:+UseParallelGC -XX:GCTimeRatio=4 -XX:AdaptiveSizePolicyWeight=90 -Dsun.zip.disableMemoryMapping=true -Xmx1G -Xms100m -Xlog:disable -javaagent:c:\Users\Adrita Bhattacharjee\.vscode\extensions\redhat.java-1.16.0-win32-x64\lombok\lombok-1.18.24.jar c:\Users\Adrita Bhattacharjee\.vscode\extensions\redhat.java-1.16.0-win32-x64\server\plugins\org.eclipse.equinox.launcher_1.6.400.v20210924-0641.jar -configuration c:\Users\Adrita Bhattacharjee\AppData\Roaming\Code\User\globalStorage\redhat.java\1.16.0\config_ss_win -data c:\Users\Adrita Bhattacharjee\AppData\Roaming\Code\User\workspaceStorage\0e018a60d4b3116eb1ffd34dd52c4c34\redhat.java\ss_ws

Host: Intel(R) Core(TM) i3-1005G1 CPU @ 1.20GHz, 4 cores, 3G,  Windows 10 , 64 bit Build 19041 (10.0.19041.2546)
Time: Sun Apr  9 00:58:11 2023 India Standard Time elapsed time: 33.551525 seconds (0d 0h 0m 33s)

---------------  T H R E A D  ---------------

Current thread (0x000002bb7f56a0a0):  JavaThread "C2 CompilerThread0" daemon [_thread_in_native, id=2916, stack(0x000000f36c800000,0x000000f36c900000)]


Current CompileTask:
C2:  33551 1562   !   4       java.util.concurrent.ConcurrentHashMap::putVal (433 bytes)

Stack: [0x000000f36c800000,0x000000f36c900000]
Native frames: (J=compiled Java code, j=interpreted, Vv=VM code, C=native code)
V  [jvm.dll+0x67741a]
V  [jvm.dll+0x834434]
V  [jvm.dll+0x835bde]
V  [jvm.dll+0x836243]
V  [jvm.dll+0x2457b5]
V  [jvm.dll+0xabafc]
V  [jvm.dll+0xac0cc]
V  [jvm.dll+0x69ac73]
V  [jvm.dll+0x2171e2]
V  [jvm.dll+0x1a3d0d]
V  [jvm.dll+0x22742a]
V  [jvm.dll+0x225565]
V  [jvm.dll+0x7ea2cb]
V  [jvm.dll+0x7e483a]
V  [jvm.dll+0x6762c5]
C  [ucrtbase.dll+0x21bb2]
C  [KERNEL32.DLL+0x17614]
C  [ntdll.dll+0x526a1]


---------------  P R O C E S S  ---------------

Threads class SMR info:
_java_thread_list=0x000002bb15942e80, length=16, elements={
0x000002bb7f2e2170, 0x000002bb7f53f740, 0x000002bb7f540d10, 0x000002bb7f558560,
0x000002bb7f5820c0, 0x000002bb7f583570, 0x000002bb7f568c20, 0x000002bb7f56a0a0,
0x000002bb7f571970, 0x000002bb7f5ad770, 0x000002bb7f4318c0, 0x000002bb157e1e50,
0x000002bb15df2b70, 0x000002bb15a7ae90, 0x000002bb1555cbe0, 0x000002bb156dd680
}

Java Threads: ( => current thread )
  0x000002bb7f2e2170 JavaThread "main" [_thread_blocked, id=14320, stack(0x000000f36bf00000,0x000000f36c000000)]
  0x000002bb7f53f740 JavaThread "Reference Handler" daemon [_thread_blocked, id=3040, stack(0x000000f36c200000,0x000000f36c300000)]
  0x000002bb7f540d10 JavaThread "Finalizer" daemon [_thread_blocked, id=15308, stack(0x000000f36c300000,0x000000f36c400000)]
  0x000002bb7f558560 JavaThread "Signal Dispatcher" daemon [_thread_blocked, id=3328, stack(0x000000f36c400000,0x000000f36c500000)]
  0x000002bb7f5820c0 JavaThread "Attach Listener" daemon [_thread_blocked, id=14840, stack(0x000000f36c500000,0x000000f36c600000)]
  0x000002bb7f583570 JavaThread "Service Thread" daemon [_thread_blocked, id=13452, stack(0x000000f36c600000,0x000000f36c700000)]
  0x000002bb7f568c20 JavaThread "Monitor Deflation Thread" daemon [_thread_blocked, id=3300, stack(0x000000f36c700000,0x000000f36c800000)]
=>0x000002bb7f56a0a0 JavaThread "C2 CompilerThread0" daemon [_thread_in_native, id=2916, stack(0x000000f36c800000,0x000000f36c900000)]
  0x000002bb7f571970 JavaThread "C1 CompilerThread0" daemon [_thread_blocked, id=1416, stack(0x000000f36c900000,0x000000f36ca00000)]
  0x000002bb7f5ad770 JavaThread "Sweeper thread" daemon [_thread_blocked, id=1640, stack(0x000000f36ca00000,0x000000f36cb00000)]
  0x000002bb7f4318c0 JavaThread "Common-Cleaner" daemon [_thread_blocked, id=8692, stack(0x000000f36cb00000,0x000000f36cc00000)]
  0x000002bb157e1e50 JavaThread "Notification Thread" daemon [_thread_blocked, id=8100, stack(0x000000f36cc00000,0x000000f36cd00000)]
  0x000002bb15df2b70 JavaThread "Active Thread: Equinox Container: 491ab808-b1ec-4771-8b1c-25c430fe2b43" [_thread_blocked, id=16096, stack(0x000000f36d100000,0x000000f36d200000)]
  0x000002bb15a7ae90 JavaThread "Framework Event Dispatcher: Equinox Container: 491ab808-b1ec-4771-8b1c-25c430fe2b43" daemon [_thread_blocked, id=500, stack(0x000000f36d200000,0x000000f36d300000)]
  0x000002bb1555cbe0 JavaThread "Start Level: Equinox Container: 491ab808-b1ec-4771-8b1c-25c430fe2b43" daemon [_thread_in_vm, id=14984, stack(0x000000f36d300000,0x000000f36d400000)]
  0x000002bb156dd680 JavaThread "SCR Component Actor" daemon [_thread_blocked, id=2152, stack(0x000000f36d400000,0x000000f36d500000)]

Other Threads:
  0x000002bb7f527440 VMThread "VM Thread" [stack: 0x000000f36c100000,0x000000f36c200000] [id=1624]
  0x000002bb157e2320 WatcherThread [stack: 0x000000f36cd00000,0x000000f36ce00000] [id=9532]
  0x000002bb7f2f80e0 GCTaskThread "GC Thread#0" [stack: 0x000000f36c000000,0x000000f36c100000] [id=3764]
  0x000002bb15e68010 GCTaskThread "GC Thread#1" [stack: 0x000000f36ce00000,0x000000f36cf00000] [id=12980]
  0x000002bb15e810b0 GCTaskThread "GC Thread#2" [stack: 0x000000f36cf00000,0x000000f36d000000] [id=15732]
  0x000002bb15e81360 GCTaskThread "GC Thread#3" [stack: 0x000000f36d000000,0x000000f36d100000] [id=10376]

Threads with active compile tasks:
C2 CompilerThread0    35660 1562   !   4       java.util.concurrent.ConcurrentHashMap::putVal (433 bytes)

VM state: not at safepoint (normal execution)

VM Mutex/Monitor currently owned by a thread: None

Heap address: 0x00000000c0000000, size: 1024 MB, Compressed Oops mode: 32-bit

CDS archive(s) not mapped
Compressed class space mapped at: 0x0000000100000000-0x0000000140000000, reserved size: 1073741824
Narrow klass base: 0x0000000000000000, Narrow klass shift: 3, Narrow klass range: 0x140000000

GC Precious Log:
 CPUs: 4 total, 4 available
 Memory: 3891M
 Large Page Support: Disabled
 NUMA Support: Disabled
 Compressed Oops: Enabled (32-bit)
 Alignments: Space 512K, Generation 512K, Heap 2M
 Heap Min Capacity: 100M
 Heap Initial Capacity: 100M
 Heap Max Capacity: 1G
 Pre-touch: Disabled
 Parallel Workers: 4

Heap:
 PSYoungGen      total 29696K, used 27776K [0x00000000eab00000, 0x00000000ecc00000, 0x0000000100000000)
  eden space 25600K, 95% used [0x00000000eab00000,0x00000000ec2fe190,0x00000000ec400000)
  from space 4096K, 78% used [0x00000000ec400000,0x00000000ec722208,0x00000000ec800000)
  to   space 4096K, 0% used [0x00000000ec800000,0x00000000ec800000,0x00000000ecc00000)
 ParOldGen       total 68608K, used 8K [0x00000000c0000000, 0x00000000c4300000, 0x00000000eab00000)
  object space 68608K, 0% used [0x00000000c0000000,0x00000000c0002000,0x00000000c4300000)
 Metaspace       used 14902K, committed 15232K, reserved 1064960K
  class space    used 1506K, committed 1664K, reserved 1048576K

Card table byte_map: [0x000002bb7ec90000,0x000002bb7eea0000] _byte_map_base: 0x000002bb7e690000

Marking Bits: (ParMarkBitMap*) 0x00007ffd57ba3e70
 Begin Bits: [0x000002bb11bc0000, 0x000002bb12bc0000)
 End Bits:   [0x000002bb12bc0000, 0x000002bb13bc0000)

Polling page: 0x000002bb7d110000

Metaspace:

Usage:
  Non-class:     13.09 MB used.
      Class:      1.47 MB used.
       Both:     14.56 MB used.

Virtual space:
  Non-class space:       16.00 MB reserved,      13.25 MB ( 83%) committed,  2 nodes.
      Class space:        1.00 GB reserved,       1.62 MB ( <1%) committed,  1 nodes.
             Both:        1.02 GB reserved,      14.88 MB (  1%) committed. 

Chunk freelists:
   Non-Class:  2.79 MB
       Class:  2.37 MB
        Both:  5.16 MB

MaxMetaspaceSize: unlimited
CompressedClassSpaceSize: 1.00 GB
Initial GC threshold: 21.00 MB
Current GC threshold: 21.00 MB
CDS: off
MetaspaceReclaimPolicy: balanced
 - commit_granule_bytes: 65536.
 - commit_granule_words: 8192.
 - virtual_space_node_default_size: 1048576.
 - enlarge_chunks_in_place: 1.
 - new_chunks_are_fully_committed: 0.
 - uncommit_free_chunks: 1.
 - use_allocation_guard: 0.
 - handle_deallocations: 1.


Internal statistics:

num_allocs_failed_limit: 0.
num_arena_births: 90.
num_arena_deaths: 0.
num_vsnodes_births: 3.
num_vsnodes_deaths: 0.
num_space_committed: 238.
num_space_uncommitted: 0.
num_chunks_returned_to_freelist: 0.
num_chunks_taken_from_freelist: 306.
num_chunk_merges: 0.
num_chunk_splits: 198.
num_chunks_enlarged: 140.
num_purges: 0.
num_inconsistent_stats: 0.

CodeHeap 'non-profiled nmethods': size=120000Kb used=623Kb max_used=623Kb free=119376Kb
 bounds [0x000002bb0a690000, 0x000002bb0a900000, 0x000002bb11bc0000]
CodeHeap 'profiled nmethods': size=120000Kb used=2862Kb max_used=2862Kb free=117137Kb
 bounds [0x000002bb02bc0000, 0x000002bb02e90000, 0x000002bb0a0f0000]
CodeHeap 'non-nmethods': size=5760Kb used=1175Kb max_used=1198Kb free=4584Kb
 bounds [0x000002bb0a0f0000, 0x000002bb0a360000, 0x000002bb0a690000]
 total_blobs=2058 nmethods=1604 adapters=368
 compilation: enabled
              stopped_count=0, restarted_count=0
 full_count=0

Compilation events (20 events):
Event: 31.441 Thread 0x000002bb7f571970 nmethod 1552 0x000002bb02e7cb10 code [0x000002bb02e7ccc0, 0x000002bb02e7ce08]
Event: 31.441 Thread 0x000002bb7f571970 1554       1       java.lang.invoke.LambdaForm$BasicType::basicTypeClass (5 bytes)
Event: 31.441 Thread 0x000002bb7f571970 nmethod 1554 0x000002bb0a724f90 code [0x000002bb0a725120, 0x000002bb0a7251f8]
Event: 31.442 Thread 0x000002bb7f571970 1553       1       java.lang.invoke.LambdaForm$Name::type (5 bytes)
Event: 31.442 Thread 0x000002bb7f571970 nmethod 1553 0x000002bb0a725290 code [0x000002bb0a725420, 0x000002bb0a7254f8]
Event: 31.443 Thread 0x000002bb7f571970 1555       3       java.lang.invoke.MemberName$Factory::resolveOrFail (79 bytes)
Event: 31.444 Thread 0x000002bb7f571970 nmethod 1555 0x000002bb02e7cf10 code [0x000002bb02e7d120, 0x000002bb02e7d7f8]
Event: 31.444 Thread 0x000002bb7f571970 1556       3       jdk.internal.org.objectweb.asm.Frame::pop (53 bytes)
Event: 31.446 Thread 0x000002bb7f571970 nmethod 1556 0x000002bb02e7da90 code [0x000002bb02e7dce0, 0x000002bb02e7e458]
Event: 31.446 Thread 0x000002bb7f56a0a0 1557       4       java.lang.String::isEmpty (14 bytes)
Event: 31.448 Thread 0x000002bb7f56a0a0 nmethod 1557 0x000002bb0a725e90 code [0x000002bb0a726000, 0x000002bb0a726098]
Event: 31.449 Thread 0x000002bb7f571970 1561       3       java.lang.invoke.LambdaForm$Name::<init> (54 bytes)
Event: 31.449 Thread 0x000002bb7f56a0a0 1562   !   4       java.util.concurrent.ConcurrentHashMap::putVal (433 bytes)
Event: 31.449 Thread 0x000002bb7f571970 nmethod 1561 0x000002bb02e7e790 code [0x000002bb02e7e920, 0x000002bb02e7eaf8]
Event: 31.449 Thread 0x000002bb7f571970 1564       3       java.lang.invoke.LambdaForm$NamedFunction::methodType (23 bytes)
Event: 31.450 Thread 0x000002bb7f571970 nmethod 1564 0x000002bb02e7eb90 code [0x000002bb02e7ed40, 0x000002bb02e7ef88]
Event: 32.439 Thread 0x000002bb7f571970 1565       3       java.util.concurrent.Semaphore$NonfairSync::tryAcquireShared (6 bytes)
Event: 32.439 Thread 0x000002bb7f571970 nmethod 1565 0x000002bb02e7f090 code [0x000002bb02e7f220, 0x000002bb02e7f368]
Event: 32.439 Thread 0x000002bb7f571970 1566       3       java.util.concurrent.Semaphore$Sync::nonfairTryAcquireShared (27 bytes)
Event: 32.440 Thread 0x000002bb7f571970 nmethod 1566 0x000002bb02e7f410 code [0x000002bb02e7f5c0, 0x000002bb02e7f828]

GC Heap History (2 events):
Event: 8.442 GC heap before
{Heap before GC invocations=1 (full 0):
 PSYoungGen      total 29696K, used 25600K [0x00000000eab00000, 0x00000000ecc00000, 0x0000000100000000)
  eden space 25600K, 100% used [0x00000000eab00000,0x00000000ec400000,0x00000000ec400000)
  from space 4096K, 0% used [0x00000000ec800000,0x00000000ec800000,0x00000000ecc00000)
  to   space 4096K, 0% used [0x00000000ec400000,0x00000000ec400000,0x00000000ec800000)
 ParOldGen       total 68608K, used 0K [0x00000000c0000000, 0x00000000c4300000, 0x00000000eab00000)
  object space 68608K, 0% used [0x00000000c0000000,0x00000000c0000000,0x00000000c4300000)
 Metaspace       used 11124K, committed 11328K, reserved 1064960K
  class space    used 1103K, committed 1216K, reserved 1048576K
}
Event: 8.498 GC heap after
{Heap after GC invocations=1 (full 0):
 PSYoungGen      total 29696K, used 3208K [0x00000000eab00000, 0x00000000ecc00000, 0x0000000100000000)
  eden space 25600K, 0% used [0x00000000eab00000,0x00000000eab00000,0x00000000ec400000)
  from space 4096K, 78% used [0x00000000ec400000,0x00000000ec722208,0x00000000ec800000)
  to   space 4096K, 0% used [0x00000000ec800000,0x00000000ec800000,0x00000000ecc00000)
 ParOldGen       total 68608K, used 8K [0x00000000c0000000, 0x00000000c4300000, 0x00000000eab00000)
  object space 68608K, 0% used [0x00000000c0000000,0x00000000c0002000,0x00000000c4300000)
 Metaspace       used 11124K, committed 11328K, reserved 1064960K
  class space    used 1103K, committed 1216K, reserved 1048576K
}

Dll operation events (9 events):
Event: 0.374 Loaded shared library c:\Users\Adrita Bhattacharjee\.vscode\extensions\redhat.java-1.16.0-win32-x64\jre\17.0.6-win32-x86_64\bin\java.dll
Event: 2.178 Loaded shared library c:\Users\Adrita Bhattacharjee\.vscode\extensions\redhat.java-1.16.0-win32-x64\jre\17.0.6-win32-x86_64\bin\zip.dll
Event: 2.201 Loaded shared library C:\Users\Adrita Bhattacharjee\.vscode\extensions\redhat.java-1.16.0-win32-x64\jre\17.0.6-win32-x86_64\bin\instrument.dll
Event: 2.614 Loaded shared library C:\Users\Adrita Bhattacharjee\.vscode\extensions\redhat.java-1.16.0-win32-x64\jre\17.0.6-win32-x86_64\bin\net.dll
Event: 2.843 Loaded shared library C:\Users\Adrita Bhattacharjee\.vscode\extensions\redhat.java-1.16.0-win32-x64\jre\17.0.6-win32-x86_64\bin\nio.dll
Event: 2.906 Loaded shared library C:\Users\Adrita Bhattacharjee\.vscode\extensions\redhat.java-1.16.0-win32-x64\jre\17.0.6-win32-x86_64\bin\zip.dll
Event: 3.039 Loaded shared library C:\Users\Adrita Bhattacharjee\.vscode\extensions\redhat.java-1.16.0-win32-x64\jre\17.0.6-win32-x86_64\bin\jimage.dll
Event: 3.573 Loaded shared library c:\Users\Adrita Bhattacharjee\.vscode\extensions\redhat.java-1.16.0-win32-x64\jre\17.0.6-win32-x86_64\bin\verify.dll
Event: 30.338 Loaded shared library C:\Users\Adrita Bhattacharjee\AppData\Roaming\Code\User\globalStorage\redhat.java\1.16.0\config_ss_win\org.eclipse.equinox.launcher\org.eclipse.equinox.launcher.win32.win32.x86_64_1.2.700.v20221108-1024\eclipse_11801.dll

Deoptimization events (20 events):
Event: 7.625 Thread 0x000002bb7f2e2170 Uncommon trap: trap_request=0xffffff45 fr.pc=0x000002bb0a6cb794 relative=0x0000000000000094
Event: 7.625 Thread 0x000002bb7f2e2170 Uncommon trap: reason=unstable_if action=reinterpret pc=0x000002bb0a6cb794 method=java.util.HashMap.hash(Ljava/lang/Object;)I @ 1 c2
Event: 7.625 Thread 0x000002bb7f2e2170 DEOPT PACKING pc=0x000002bb0a6cb794 sp=0x000000f36bffde10
Event: 7.625 Thread 0x000002bb7f2e2170 DEOPT UNPACKING pc=0x000002bb0a149ea3 sp=0x000000f36bffdda8 mode 2
Event: 9.009 Thread 0x000002bb7f2e2170 Uncommon trap: trap_request=0xffffff45 fr.pc=0x000002bb0a6c0d74 relative=0x0000000000000cd4
Event: 9.009 Thread 0x000002bb7f2e2170 Uncommon trap: reason=unstable_if action=reinterpret pc=0x000002bb0a6c0d74 method=lombok.patcher.PatchScript.classMatches(Ljava/lang/String;Ljava/util/Collection;)Z @ 25 c2
Event: 9.009 Thread 0x000002bb7f2e2170 DEOPT PACKING pc=0x000002bb0a6c0d74 sp=0x000000f36bff80f0
Event: 9.009 Thread 0x000002bb7f2e2170 DEOPT UNPACKING pc=0x000002bb0a149ea3 sp=0x000000f36bff8058 mode 2
Event: 10.385 Thread 0x000002bb7f2e2170 Uncommon trap: trap_request=0xffffff45 fr.pc=0x000002bb0a6cf898 relative=0x00000000000002d8
Event: 10.385 Thread 0x000002bb7f2e2170 Uncommon trap: reason=unstable_if action=reinterpret pc=0x000002bb0a6cf898 method=java.lang.invoke.VarHandle.checkExactAccessMode(Ljava/lang/invoke/VarHandle$AccessDescriptor;)V @ 4 c2
Event: 10.385 Thread 0x000002bb7f2e2170 DEOPT PACKING pc=0x000002bb0a6cf898 sp=0x000000f36bffdf70
Event: 10.385 Thread 0x000002bb7f2e2170 DEOPT UNPACKING pc=0x000002bb0a149ea3 sp=0x000000f36bffdf40 mode 2
Event: 11.110 Thread 0x000002bb7f2e2170 Uncommon trap: trap_request=0xffffffde fr.pc=0x000002bb0a6ee628 relative=0x00000000000009e8
Event: 11.110 Thread 0x000002bb7f2e2170 Uncommon trap: reason=class_check action=maybe_recompile pc=0x000002bb0a6ee628 method=java.util.HashMap.putVal(ILjava/lang/Object;Ljava/lang/Object;ZZ)Ljava/lang/Object; @ 253 c2
Event: 11.110 Thread 0x000002bb7f2e2170 DEOPT PACKING pc=0x000002bb0a6ee628 sp=0x000000f36bffda30
Event: 11.110 Thread 0x000002bb7f2e2170 DEOPT UNPACKING pc=0x000002bb0a149ea3 sp=0x000000f36bffd958 mode 2
Event: 11.120 Thread 0x000002bb7f2e2170 Uncommon trap: trap_request=0xffffffde fr.pc=0x000002bb0a6ee628 relative=0x00000000000009e8
Event: 11.120 Thread 0x000002bb7f2e2170 Uncommon trap: reason=class_check action=maybe_recompile pc=0x000002bb0a6ee628 method=java.util.HashMap.putVal(ILjava/lang/Object;Ljava/lang/Object;ZZ)Ljava/lang/Object; @ 253 c2
Event: 11.120 Thread 0x000002bb7f2e2170 DEOPT PACKING pc=0x000002bb0a6ee628 sp=0x000000f36bffda30
Event: 11.120 Thread 0x000002bb7f2e2170 DEOPT UNPACKING pc=0x000002bb0a149ea3 sp=0x000000f36bffd958 mode 2

Classes unloaded (0 events):
No events

Classes redefined (0 events):
No events

Internal exceptions (20 events):
Event: 5.601 Thread 0x000002bb7f2e2170 Implicit null exception at 0x000002bb0a6b2372 to 0x000002bb0a6b28e8
Event: 5.602 Thread 0x000002bb7f2e2170 Implicit null exception at 0x000002bb0a6b3372 to 0x000002bb0a6b38fc
Event: 5.627 Thread 0x000002bb7f2e2170 Exception <a 'java/io/FileNotFoundException'{0x00000000eb7f0e48}> (0x00000000eb7f0e48) 
thrown [s\src\hotspot\share\prims\jni.cpp, line 516]
Event: 7.073 Thread 0x000002bb7f2e2170 Exception <a 'java/lang/ClassNotFoundException'{0x00000000ebfe6908}: sun/net/www/protocol/c/Handler> (0x00000000ebfe6908) 
thrown [s\src\hotspot\share\classfile\systemDictionary.cpp, line 256]
Event: 7.077 Thread 0x000002bb7f2e2170 Exception <a 'java/lang/ClassNotFoundException'{0x00000000ebfe7cd8}: sun/net/www/protocol/e/Handler> (0x00000000ebfe7cd8) 
thrown [s\src\hotspot\share\classfile\systemDictionary.cpp, line 256]
Event: 7.083 Thread 0x000002bb7f2e2170 Exception <a 'java/lang/ClassNotFoundException'{0x00000000ebfe8ec8}: sun/net/www/protocol/c/Handler> (0x00000000ebfe8ec8) 
thrown [s\src\hotspot\share\classfile\systemDictionary.cpp, line 256]
Event: 7.202 Thread 0x000002bb7f2e2170 Exception <a 'java/io/FileNotFoundException'{0x00000000ec0083b0}> (0x00000000ec0083b0) 
thrown [s\src\hotspot\share\prims\jni.cpp, line 516]
Event: 7.620 Thread 0x000002bb7f2e2170 Implicit null exception at 0x000002bb0a6d3b71 to 0x000002bb0a6d3d50
Event: 7.624 Thread 0x000002bb7f2e2170 Implicit null exception at 0x000002bb0a6d5171 to 0x000002bb0a6d5350
Event: 7.625 Thread 0x000002bb7f2e2170 Implicit null exception at 0x000002bb0a6cb70f to 0x000002bb0a6cb785
Event: 8.067 Thread 0x000002bb7f2e2170 Exception <a 'java/lang/NoSuchMethodError'{0x00000000ec2d8b00}: 'int java.lang.invoke.DirectMethodHandle$Holder.invokeStaticInit(java.lang.Object, java.lang.Object, java.lang.Object, java.lang.Object)'> (0x00000000ec2d8b00) 
thrown [s\src\hotspot\share\interpreter\linkResolver.cpp, line 759]
Event: 8.077 Thread 0x000002bb7f2e2170 Exception <a 'java/lang/NoSuchMethodError'{0x00000000ec2e3170}: 'java.lang.Object java.lang.invoke.DirectMethodHandle$Holder.invokeInterface(java.lang.Object, java.lang.Object)'> (0x00000000ec2e3170) 
thrown [s\src\hotspot\share\interpreter\linkResolver.cpp, line 759]
Event: 8.081 Thread 0x000002bb7f2e2170 Exception <a 'java/lang/IncompatibleClassChangeError'{0x00000000ec2e6968}: Found class java.lang.Object, but interface was expected> (0x00000000ec2e6968) 
thrown [s\src\hotspot\share\interpreter\linkResolver.cpp, line 826]
Event: 8.086 Thread 0x000002bb7f2e2170 Exception <a 'java/lang/NoSuchMethodError'{0x00000000ec2eae60}: 'void java.lang.invoke.DirectMethodHandle$Holder.invokeStatic(java.lang.Object, java.lang.Object)'> (0x00000000ec2eae60) 
thrown [s\src\hotspot\share\interpreter\linkResolver.cpp, line 759]
Event: 8.088 Thread 0x000002bb7f2e2170 Exception <a 'java/lang/NoSuchMethodError'{0x00000000ec2ee660}: 'void java.lang.invoke.DirectMethodHandle$Holder.invokeStaticInit(java.lang.Object, java.lang.Object)'> (0x00000000ec2ee660) 
thrown [s\src\hotspot\share\interpreter\linkResolver.cpp, line 759]
Event: 8.108 Thread 0x000002bb7f2e2170 Exception <a 'java/lang/NoSuchMethodError'{0x00000000ec2f6d98}: 'int java.lang.invoke.DirectMethodHandle$Holder.invokeStaticInit(java.lang.Object, java.lang.Object)'> (0x00000000ec2f6d98) 
thrown [s\src\hotspot\share\interpreter\linkResolver.cpp, line 759]
Event: 8.530 Thread 0x000002bb7f2e2170 Exception <a 'java/lang/NoSuchMethodError'{0x00000000eab1ea60}: 'void java.lang.invoke.DirectMethodHandle$Holder.invokeSpecial(java.lang.Object, java.lang.Object, java.lang.Object)'> (0x00000000eab1ea60) 
thrown [s\src\hotspot\share\interpreter\linkResolver.cpp, line 759]
Event: 10.986 Thread 0x000002bb7f2e2170 Exception <a 'java/lang/NoSuchMethodError'{0x00000000eb71ad70}: 'java.lang.Object java.lang.invoke.DirectMethodHandle$Holder.newInvokeSpecial(java.lang.Object, int, java.lang.Object)'> (0x00000000eb71ad70) 
thrown [s\src\hotspot\share\interpreter\linkResolver.cpp, line 759]
Event: 29.992 Thread 0x000002bb7f2e2170 Exception <a 'java/lang/UnsatisfiedLinkError'{0x00000000ebc58108}: 'void org.eclipse.equinox.launcher.JNIBridge._update_splash()'> (0x00000000ebc58108) 
thrown [s\src\hotspot\share\prims\nativeLookup.cpp, line 543]
Event: 30.182 Thread 0x000002bb1555cbe0 Exception <a 'java/lang/NoSuchMethodError'{0x00000000ebeb9fa0}: 'java.lang.Object java.lang.invoke.DirectMethodHandle$Holder.invokeStaticInit(java.lang.Object)'> (0x00000000ebeb9fa0) 
thrown [s\src\hotspot\share\interpreter\linkResolver.cpp, line 759]

VM Operations (20 events):
Event: 10.632 Executing VM operation: HandshakeAllThreads
Event: 10.632 Executing VM operation: HandshakeAllThreads done
Event: 10.636 Executing VM operation: HandshakeAllThreads
Event: 10.636 Executing VM operation: HandshakeAllThreads done
Event: 10.680 Executing VM operation: HandshakeAllThreads
Event: 10.680 Executing VM operation: HandshakeAllThreads done
Event: 10.911 Executing VM operation: HandshakeAllThreads
Event: 10.911 Executing VM operation: HandshakeAllThreads done
Event: 11.921 Executing VM operation: Cleanup
Event: 11.922 Executing VM operation: Cleanup done
Event: 29.053 Executing VM operation: Cleanup
Event: 29.053 Executing VM operation: Cleanup done
Event: 30.060 Executing VM operation: Cleanup
Event: 30.061 Executing VM operation: Cleanup done
Event: 30.256 Executing VM operation: HandshakeAllThreads
Event: 30.340 Executing VM operation: HandshakeAllThreads done
Event: 31.347 Executing VM operation: Cleanup
Event: 31.387 Executing VM operation: Cleanup done
Event: 32.395 Executing VM operation: Cleanup
Event: 32.395 Executing VM operation: Cleanup done

Events (20 events):
Event: 31.410 loading class java/util/function/BooleanSupplier
Event: 31.410 loading class java/util/function/BooleanSupplier done
Event: 31.416 loading class org/xml/sax/SAXException
Event: 31.416 loading class org/xml/sax/SAXException done
Event: 31.418 loading class javax/xml/parsers/SAXParserFactory
Event: 31.419 loading class javax/xml/parsers/SAXParserFactory done
Event: 31.419 loading class javax/xml/parsers/FactoryFinder
Event: 31.420 loading class javax/xml/parsers/FactoryFinder done
Event: 31.421 loading class jdk/xml/internal/SecuritySupport
Event: 31.422 loading class jdk/xml/internal/SecuritySupport done
Event: 31.426 loading class java/lang/invoke/MethodHandleImpl$AsVarargsCollector
Event: 31.428 loading class java/lang/invoke/MethodHandleImpl$AsVarargsCollector done
Event: 31.434 loading class java/lang/invoke/BoundMethodHandle$Species_LL
Event: 31.435 loading class java/lang/invoke/BoundMethodHandle$Species_LL done
Event: 31.439 loading class java/lang/invoke/BoundMethodHandle$Species_LLL
Event: 31.440 loading class java/lang/invoke/BoundMethodHandle$Species_LLL done
Event: 31.442 loading class java/lang/invoke/BoundMethodHandle$Species_LLLL
Event: 31.443 loading class java/lang/invoke/BoundMethodHandle$Species_LLLL done
Event: 31.446 loading class java/lang/invoke/BoundMethodHandle$Species_LLLLL
Event: 31.447 loading class java/lang/invoke/BoundMethodHandle$Species_LLLLL done


Dynamic libraries:
0x00007ff7ec2b0000 - 0x00007ff7ec2be000 	c:\Users\Adrita Bhattacharjee\.vscode\extensions\redhat.java-1.16.0-win32-x64\jre\17.0.6-win32-x86_64\bin\java.exe
0x00007ffd9e550000 - 0x00007ffd9e748000 	C:\WINDOWS\SYSTEM32\ntdll.dll
0x00007ffd9cd90000 - 0x00007ffd9ce4f000 	C:\WINDOWS\System32\KERNEL32.DLL
0x00007ffd9bc50000 - 0x00007ffd9bf22000 	C:\WINDOWS\System32\KERNELBASE.dll
0x00007ffd9c200000 - 0x00007ffd9c300000 	C:\WINDOWS\System32\ucrtbase.dll
0x00007ffd93e00000 - 0x00007ffd93e17000 	c:\Users\Adrita Bhattacharjee\.vscode\extensions\redhat.java-1.16.0-win32-x64\jre\17.0.6-win32-x86_64\bin\jli.dll
0x00007ffd92f60000 - 0x00007ffd92f79000 	c:\Users\Adrita Bhattacharjee\.vscode\extensions\redhat.java-1.16.0-win32-x64\jre\17.0.6-win32-x86_64\bin\VCRUNTIME140.dll
0x00007ffd9d170000 - 0x00007ffd9d311000 	C:\WINDOWS\System32\USER32.dll
0x00007ffd9c1a0000 - 0x00007ffd9c1c2000 	C:\WINDOWS\System32\win32u.dll
0x00007ffd9e480000 - 0x00007ffd9e4ab000 	C:\WINDOWS\System32\GDI32.dll
0x00007ffd9bf30000 - 0x00007ffd9c03f000 	C:\WINDOWS\System32\gdi32full.dll
0x00007ffd9c420000 - 0x00007ffd9c4bd000 	C:\WINDOWS\System32\msvcp_win.dll
0x00007ffd88d10000 - 0x00007ffd88faa000 	C:\WINDOWS\WinSxS\amd64_microsoft.windows.common-controls_6595b64144ccf1df_6.0.19041.1110_none_60b5254171f9507e\COMCTL32.dll
0x00007ffd9d0a0000 - 0x00007ffd9d13e000 	C:\WINDOWS\System32\msvcrt.dll
0x00007ffd9d140000 - 0x00007ffd9d170000 	C:\WINDOWS\System32\IMM32.DLL
0x00007ffd972a0000 - 0x00007ffd972ac000 	c:\Users\Adrita Bhattacharjee\.vscode\extensions\redhat.java-1.16.0-win32-x64\jre\17.0.6-win32-x86_64\bin\vcruntime140_1.dll
0x00007ffd831c0000 - 0x00007ffd83251000 	c:\Users\Adrita Bhattacharjee\.vscode\extensions\redhat.java-1.16.0-win32-x64\jre\17.0.6-win32-x86_64\bin\msvcp140.dll
0x00007ffd57020000 - 0x00007ffd57c67000 	c:\Users\Adrita Bhattacharjee\.vscode\extensions\redhat.java-1.16.0-win32-x64\jre\17.0.6-win32-x86_64\bin\server\jvm.dll
0x00007ffd9e3d0000 - 0x00007ffd9e47e000 	C:\WINDOWS\System32\ADVAPI32.dll
0x00007ffd9d460000 - 0x00007ffd9d4fc000 	C:\WINDOWS\System32\sechost.dll
0x00007ffd9d320000 - 0x00007ffd9d444000 	C:\WINDOWS\System32\RPCRT4.dll
0x00007ffd86550000 - 0x00007ffd86559000 	C:\WINDOWS\SYSTEM32\WSOCK32.dll
0x00007ffd9d760000 - 0x00007ffd9d7cb000 	C:\WINDOWS\System32\WS2_32.dll
0x00007ffd92740000 - 0x00007ffd9274a000 	C:\WINDOWS\SYSTEM32\VERSION.dll
0x00007ffd7b130000 - 0x00007ffd7b157000 	C:\WINDOWS\SYSTEM32\WINMM.dll
0x00007ffd9a730000 - 0x00007ffd9a742000 	C:\WINDOWS\SYSTEM32\kernel.appcore.dll
0x00007ffd94bc0000 - 0x00007ffd94bca000 	c:\Users\Adrita Bhattacharjee\.vscode\extensions\redhat.java-1.16.0-win32-x64\jre\17.0.6-win32-x86_64\bin\jimage.dll
0x00007ffd999d0000 - 0x00007ffd99bb4000 	C:\WINDOWS\SYSTEM32\DBGHELP.DLL
0x00007ffd8b9c0000 - 0x00007ffd8b9f5000 	C:\WINDOWS\SYSTEM32\dbgcore.DLL
0x00007ffd9c510000 - 0x00007ffd9c592000 	C:\WINDOWS\System32\bcryptPrimitives.dll
0x00007ffd94890000 - 0x00007ffd9489e000 	c:\Users\Adrita Bhattacharjee\.vscode\extensions\redhat.java-1.16.0-win32-x64\jre\17.0.6-win32-x86_64\bin\instrument.dll
0x00007ffd848b0000 - 0x00007ffd848d5000 	c:\Users\Adrita Bhattacharjee\.vscode\extensions\redhat.java-1.16.0-win32-x64\jre\17.0.6-win32-x86_64\bin\java.dll
0x00007ffd88fb0000 - 0x00007ffd88fc8000 	c:\Users\Adrita Bhattacharjee\.vscode\extensions\redhat.java-1.16.0-win32-x64\jre\17.0.6-win32-x86_64\bin\zip.dll
0x00007ffd9c640000 - 0x00007ffd9cd85000 	C:\WINDOWS\System32\SHELL32.dll
0x00007ffd99bc0000 - 0x00007ffd9a352000 	C:\WINDOWS\SYSTEM32\windows.storage.dll
0x00007ffd9dfc0000 - 0x00007ffd9e315000 	C:\WINDOWS\System32\combase.dll
0x00007ffd9b5d0000 - 0x00007ffd9b600000 	C:\WINDOWS\SYSTEM32\Wldp.dll
0x00007ffd9e320000 - 0x00007ffd9e3cd000 	C:\WINDOWS\System32\SHCORE.dll
0x00007ffd9cf70000 - 0x00007ffd9cfc5000 	C:\WINDOWS\System32\shlwapi.dll
0x00007ffd9bb90000 - 0x00007ffd9bbaf000 	C:\WINDOWS\SYSTEM32\profapi.dll
0x00007ffd86350000 - 0x00007ffd86369000 	C:\Users\Adrita Bhattacharjee\.vscode\extensions\redhat.java-1.16.0-win32-x64\jre\17.0.6-win32-x86_64\bin\net.dll
0x00007ffd8d5e0000 - 0x00007ffd8d6ea000 	C:\WINDOWS\SYSTEM32\WINHTTP.dll
0x00007ffd9b330000 - 0x00007ffd9b39a000 	C:\WINDOWS\system32\mswsock.dll
0x00007ffd842e0000 - 0x00007ffd842f5000 	C:\Users\Adrita Bhattacharjee\.vscode\extensions\redhat.java-1.16.0-win32-x64\jre\17.0.6-win32-x86_64\bin\nio.dll
0x00007ffd93c90000 - 0x00007ffd93ca0000 	c:\Users\Adrita Bhattacharjee\.vscode\extensions\redhat.java-1.16.0-win32-x64\jre\17.0.6-win32-x86_64\bin\verify.dll
0x00007ffd81df0000 - 0x00007ffd81e2e000 	C:\Users\Adrita Bhattacharjee\AppData\Roaming\Code\User\globalStorage\redhat.java\1.16.0\config_ss_win\org.eclipse.equinox.launcher\org.eclipse.equinox.launcher.win32.win32.x86_64_1.2.700.v20221108-1024\eclipse_11801.dll
0x00007ffd9d8b0000 - 0x00007ffd9d9da000 	C:\WINDOWS\System32\ole32.dll

dbghelp: loaded successfully - version: 4.0.5 - missing functions: none
symbol engine: initialized successfully - sym options: 0x614 - pdb path: .;c:\Users\Adrita Bhattacharjee\.vscode\extensions\redhat.java-1.16.0-win32-x64\jre\17.0.6-win32-x86_64\bin;C:\WINDOWS\SYSTEM32;C:\WINDOWS\WinSxS\amd64_microsoft.windows.common-controls_6595b64144ccf1df_6.0.19041.1110_none_60b5254171f9507e;c:\Users\Adrita Bhattacharjee\.vscode\extensions\redhat.java-1.16.0-win32-x64\jre\17.0.6-win32-x86_64\bin\server;C:\Users\Adrita Bhattacharjee\AppData\Roaming\Code\User\globalStorage\redhat.java\1.16.0\config_ss_win\org.eclipse.equinox.launcher\org.eclipse.equinox.launcher.win32.win32.x86_64_1.2.700.v20221108-1024

VM Arguments:
jvm_args: --add-modules=ALL-SYSTEM --add-opens=java.base/java.util=ALL-UNNAMED --add-opens=java.base/java.lang=ALL-UNNAMED --add-opens=java.base/sun.nio.fs=ALL-UNNAMED -Declipse.application=org.eclipse.jdt.ls.core.id1 -Dosgi.bundles.defaultStartLevel=4 -Declipse.product=org.eclipse.jdt.ls.core.product -Djava.import.generatesMetadataFilesAtProjectRoot=false -Dfile.encoding=utf8 -XX:+UseParallelGC -XX:GCTimeRatio=4 -XX:AdaptiveSizePolicyWeight=90 -Dsun.zip.disableMemoryMapping=true -Xmx1G -Xms100m -Xlog:disable -javaagent:c:\Users\Adrita Bhattacharjee\.vscode\extensions\redhat.java-1.16.0-win32-x64\lombok\lombok-1.18.24.jar 
java_command: c:\Users\Adrita Bhattacharjee\.vscode\extensions\redhat.java-1.16.0-win32-x64\server\plugins\org.eclipse.equinox.launcher_1.6.400.v20210924-0641.jar -configuration c:\Users\Adrita Bhattacharjee\AppData\Roaming\Code\User\globalStorage\redhat.java\1.16.0\config_ss_win -data c:\Users\Adrita Bhattacharjee\AppData\Roaming\Code\User\workspaceStorage\0e018a60d4b3116eb1ffd34dd52c4c34\redhat.java\ss_ws
java_class_path (initial): c:\Users\Adrita Bhattacharjee\.vscode\extensions\redhat.java-1.16.0-win32-x64\server\plugins\org.eclipse.equinox.launcher_1.6.400.v20210924-0641.jar
Launcher Type: SUN_STANDARD

[Global flags]
    uintx AdaptiveSizePolicyWeight                 = 90                                        {product} {command line}
     intx CICompilerCount                          = 3                                         {product} {ergonomic}
    uintx GCTimeRatio                              = 4                                         {product} {command line}
   size_t InitialHeapSize                          = 104857600                                 {product} {command line}
   size_t MaxHeapSize                              = 1073741824                                {product} {command line}
   size_t MaxNewSize                               = 357564416                                 {product} {ergonomic}
   size_t MinHeapDeltaBytes                        = 524288                                    {product} {ergonomic}
   size_t MinHeapSize                              = 104857600                                 {product} {command line}
   size_t NewSize                                  = 34603008                                  {product} {ergonomic}
    uintx NonNMethodCodeHeapSize                   = 5832780                                {pd product} {ergonomic}
    uintx NonProfiledCodeHeapSize                  = 122912730                              {pd product} {ergonomic}
   size_t OldSize                                  = 70254592                                  {product} {ergonomic}
    uintx ProfiledCodeHeapSize                     = 122912730                              {pd product} {ergonomic}
    uintx ReservedCodeCacheSize                    = 251658240                              {pd product} {ergonomic}
     bool SegmentedCodeCache                       = true                                      {product} {ergonomic}
   size_t SoftMaxHeapSize                          = 1073741824                             {manageable} {ergonomic}
     bool UseCompressedClassPointers               = true                           {product lp64_product} {ergonomic}
     bool UseCompressedOops                        = true                           {product lp64_product} {ergonomic}
     bool UseLargePagesIndividualAllocation        = false                                  {pd product} {ergonomic}
     bool UseParallelGC                            = true                                      {product} {command line}

Logging:
Log output configuration:
 #0: stdout all=off uptime,level,tags
 #1: stderr all=off uptime,level,tags

Environment Variables:
PATH=C:\WINDOWS\system32;C:\WINDOWS;C:\WINDOWS\System32\Wbem;C:\WINDOWS\System32\WindowsPowerShell\v1.0\;C:\WINDOWS\System32\OpenSSH\;C:\MinGW\bin;C:\Users\Adrita Bhattacharjee\AppData\Local\Programs\Python\Python310\;C:\Users\Adrita Bhattacharjee\AppData\Local\Programs\Python\Python310\Scripts\;C:\Program Files\MATLAB\R2018a\runtime\win64;C:\Program Files\MATLAB\R2018a\bin;C:\Program Files\Git\cmd;C:\Program Files\Java\jdk-11.0.2\bin;C:\Program Files\nodejs\;C:\Users\Adrita Bhattacharjee\AppData\Local\Microsoft\WindowsApps;C:\Users\Adrita Bhattacharjee\AppData\Local\Programs\Microsoft VS Code;C:\MinGW\bin;C:\iverilog\bin;C:\Users\Adrita Bhattacharjee\AppData\Local\Programs\Microsoft VS Code\bin;C:\iverilog\gtkwave\bin;C:\Program Files\Java\jdk-11.0.2\bin;C:\Users\Adrita Bhattacharjee\AppData\Roaming\npm
USERNAME=Adrita Bhattacharjee
OS=Windows_NT
PROCESSOR_IDENTIFIER=Intel64 Family 6 Model 126 Stepping 5, GenuineIntel
TMP=C:\Users\ADRITA~1\AppData\Local\Temp
TEMP=C:\Users\ADRITA~1\AppData\Local\Temp



---------------  S Y S T E M  ---------------

OS:
 Windows 10 , 64 bit Build 19041 (10.0.19041.2546)
OS uptime: 7 days 6:43 hours

CPU: total 4 (initial active 4) (2 cores per cpu, 2 threads per core) family 6 model 126 stepping 5 microcode 0x78, cx8, cmov, fxsr, ht, mmx, 3dnowpref, sse, sse2, sse3, ssse3, sse4.1, sse4.2, popcnt, lzcnt, tsc, tscinvbit, avx, avx2, aes, erms, clmul, bmi1, bmi2, adx, avx512f, avx512dq, avx512cd, avx512bw, avx512vl, sha, fma, vzeroupper, avx512_vpopcntdq, avx512_vpclmulqdq, avx512_vaes, avx512_vnni, clflush, clflushopt, avx512_vbmi2, avx512_vbmi

Memory: 4k page, system-wide physical 3891M (268M free)
TotalPageFile size 9879M (AvailPageFile size 0M)
current process WorkingSet (physical memory assigned to process): 79M, peak: 79M
current process commit charge ("private bytes"): 188M, peak: 190M

vm_info: OpenJDK 64-Bit Server VM (17.0.6+10) for windows-amd64 JRE (17.0.6+10), built on Jan 18 2023 10:08:59 by "temurin" with MS VC++ 16.7 (VS2019)

END.
