#
# There is insufficient memory for the Java Runtime Environment to continue.
# Native memory allocation (malloc) failed to allocate 32744 bytes for ChunkPool::allocate
# Possible reasons:
#   The system is out of physical RAM or swap space
#   The process is running with CompressedOops enabled, and the Java Heap may be blocking the growth of the native heap
# Possible solutions:
#   Reduce memory load on the system
#   Increase physical memory or swap space
#   Check if swap backing store is full
#   Decrease Java heap size (-Xmx/-Xms)
#   Decrease number of Java threads
#   Decrease Java thread stack sizes (-Xss)
#   Set larger code cache with -XX:ReservedCodeCacheSize=
#   JVM is running with Unscaled Compressed Oops mode in which the Java heap is
#     placed in the first 4GB address space. The Java Heap base address is the
#     maximum limit for the native heap growth. Please use -XX:HeapBaseMinAddress
#     to set the Java Heap base and to place the Java Heap above 4GB virtual address.
# This output file may be truncated or incomplete.
#
#  Out of Memory Error (t:/workspace/open/src/hotspot/share/memory/arena.cpp:81), pid=5460, tid=16284
#
# JRE version: OpenJDK Runtime Environment (11.0.2+9) (build 11.0.2+9)
# Java VM: OpenJDK 64-Bit Server VM (11.0.2+9, mixed mode, tiered, compressed oops, g1 gc, windows-amd64)
# No core dump will be written. Minidumps are not enabled by default on client versions of Windows
#

---------------  S U M M A R Y ------------

Command Line: --add-opens=java.base/java.util=ALL-UNNAMED --add-opens=java.base/java.lang=ALL-UNNAMED --add-opens=java.base/java.lang.invoke=ALL-UNNAMED --add-opens=java.prefs/java.util.prefs=ALL-UNNAMED --add-opens=java.base/java.nio.charset=ALL-UNNAMED --add-opens=java.base/java.net=ALL-UNNAMED --add-opens=java.base/java.util.concurrent.atomic=ALL-UNNAMED -XX:MaxMetaspaceSize=256m -XX:+HeapDumpOnOutOfMemoryError -Xms256m -Xmx512m -Dfile.encoding=windows-1252 -Duser.country=US -Duser.language=en -Duser.variant org.gradle.launcher.daemon.bootstrap.GradleDaemon 7.6

Host: Intel(R) Core(TM) i3-1005G1 CPU @ 1.20GHz, 4 cores, 3G,  Windows 10 , 64 bit Build 19041 (10.0.19041.2546)
Time: Sat Apr  8 20:30:03 2023 India Standard Time elapsed time: 128 seconds (0d 0h 2m 8s)

---------------  T H R E A D  ---------------

Current thread (0x0000014f40b01000):  JavaThread "C2 CompilerThread0" daemon [_thread_in_vm, id=16284, stack(0x0000004b68000000,0x0000004b68100000)]


Current CompileTask:
C2: 128813 8333       4       java.util.concurrent.locks.AbstractQueuedSynchronizer$ConditionObject::addConditionWaiter (79 bytes)

Stack: [0x0000004b68000000,0x0000004b68100000]
Native frames: (J=compiled Java code, j=interpreted, Vv=VM code, C=native code)
V  [jvm.dll+0x63489a]
V  [jvm.dll+0x771f9f]
V  [jvm.dll+0x773648]
V  [jvm.dll+0x773d03]
V  [jvm.dll+0x25eba8]
V  [jvm.dll+0xc23bb]
V  [jvm.dll+0xc271c]
V  [jvm.dll+0x1c761b]
V  [jvm.dll+0x1ba295]
V  [jvm.dll+0x1c4ed2]
V  [jvm.dll+0x1c5616]
V  [jvm.dll+0x1b1a06]
V  [jvm.dll+0x1b15a2]
V  [jvm.dll+0x1c962a]
V  [jvm.dll+0x1cea7d]
V  [jvm.dll+0x1cccb7]
V  [jvm.dll+0x1cef2d]
V  [jvm.dll+0x1ce73d]
V  [jvm.dll+0x1cf5c6]
V  [jvm.dll+0x1ce95e]
V  [jvm.dll+0x1bb870]
V  [jvm.dll+0x11f430]
V  [jvm.dll+0x2cce0b]
V  [jvm.dll+0x2ce8f5]
V  [jvm.dll+0x652e98]
V  [jvm.dll+0x64a4bb]
V  [jvm.dll+0x649ad2]
V  [jvm.dll+0x6476f7]
V  [jvm.dll+0x196f2c]
V  [jvm.dll+0x2ce976]
V  [jvm.dll+0x652e98]
V  [jvm.dll+0x64a4bb]
V  [jvm.dll+0x649ad2]
V  [jvm.dll+0x6476f7]
V  [jvm.dll+0x196f2c]
V  [jvm.dll+0x21780b]
V  [jvm.dll+0x194370]
V  [jvm.dll+0x226b3f]
V  [jvm.dll+0x225148]
V  [jvm.dll+0x73774d]
V  [jvm.dll+0x633942]
C  [ucrtbase.dll+0x21bb2]
C  [KERNEL32.DLL+0x17614]
C  [ntdll.dll+0x526a1]


---------------  P R O C E S S  ---------------

Threads class SMR info:
_java_thread_list=0x0000014f4390a940, length=86, elements={
0x0000014f25897800, 0x0000014f40ada800, 0x0000014f40ae4000, 0x0000014f41463000,
0x0000014f40aff000, 0x0000014f40b01000, 0x0000014f40b10800, 0x0000014f40b1a000,
0x0000014f415ac000, 0x0000014f415d2800, 0x0000014f42f46000, 0x0000014f42ec8800,
0x0000014f42ec9800, 0x0000014f440a0800, 0x0000014f44718800, 0x0000014f42d03000,
0x0000014f4197c800, 0x0000014f41977800, 0x0000014f43407000, 0x0000014f43408000,
0x0000014f43c86800, 0x0000014f43c88000, 0x0000014f43c8d000, 0x0000014f43c89800,
0x0000014f43c87000, 0x0000014f43c8c000, 0x0000014f43c88800, 0x0000014f43c8b000,
0x0000014f43c8a800, 0x0000014f439d0000, 0x0000014f439cf800, 0x0000014f439cd000,
0x0000014f439ce800, 0x0000014f439cb800, 0x0000014f439ca800, 0x0000014f439cc000,
0x0000014f439d8800, 0x0000014f439d7800, 0x0000014f439d2800, 0x0000014f439d4800,
0x0000014f439d3800, 0x0000014f439d9000, 0x0000014f439d5000, 0x0000014f439d6000,
0x0000014f439d7000, 0x0000014f43d95000, 0x0000014f43d96800, 0x0000014f43d98000,
0x0000014f43d99000, 0x0000014f43d94000, 0x0000014f43d95800, 0x0000014f43d93000,
0x0000014f43d99800, 0x0000014f43d9a800, 0x0000014f43d97000, 0x0000014f43da1000,
0x0000014f43d9d000, 0x0000014f43d9b800, 0x0000014f43da0000, 0x0000014f43d9e000,
0x0000014f43da2000, 0x0000014f43d9f800, 0x0000014f43d9c000, 0x0000014f4381e800,
0x0000014f4381c800, 0x0000014f4381f000, 0x0000014f4381c000, 0x0000014f4381a000,
0x0000014f4381b000, 0x0000014f43819800, 0x0000014f43820800, 0x0000014f43821800,
0x0000014f43820000, 0x0000014f43823000, 0x0000014f43822800, 0x0000014f4381d800,
0x0000014f43827800, 0x0000014f43825800, 0x0000014f43824000, 0x0000014f43828000,
0x0000014f43826800, 0x0000014f43825000, 0x0000014f43d9e800, 0x0000014f46358800,
0x0000014f4635d800, 0x0000014f4635c000
}

Java Threads: ( => current thread )
  0x0000014f25897800 JavaThread "main" [_thread_blocked, id=12484, stack(0x0000004b67500000,0x0000004b67600000)]
  0x0000014f40ada800 JavaThread "Reference Handler" daemon [_thread_blocked, id=9272, stack(0x0000004b67c00000,0x0000004b67d00000)]
  0x0000014f40ae4000 JavaThread "Finalizer" daemon [_thread_blocked, id=15200, stack(0x0000004b67d00000,0x0000004b67e00000)]
  0x0000014f41463000 JavaThread "Signal Dispatcher" daemon [_thread_blocked, id=10960, stack(0x0000004b67e00000,0x0000004b67f00000)]
  0x0000014f40aff000 JavaThread "Attach Listener" daemon [_thread_blocked, id=10144, stack(0x0000004b67f00000,0x0000004b68000000)]
=>0x0000014f40b01000 JavaThread "C2 CompilerThread0" daemon [_thread_in_vm, id=16284, stack(0x0000004b68000000,0x0000004b68100000)]
  0x0000014f40b10800 JavaThread "C1 CompilerThread0" daemon [_thread_blocked, id=8452, stack(0x0000004b68100000,0x0000004b68200000)]
  0x0000014f40b1a000 JavaThread "Sweeper thread" daemon [_thread_blocked, id=10280, stack(0x0000004b68200000,0x0000004b68300000)]
  0x0000014f415ac000 JavaThread "Common-Cleaner" daemon [_thread_blocked, id=11528, stack(0x0000004b68300000,0x0000004b68400000)]
  0x0000014f415d2800 JavaThread "Service Thread" daemon [_thread_blocked, id=2088, stack(0x0000004b68400000,0x0000004b68500000)]
  0x0000014f42f46000 JavaThread "Daemon health stats" [_thread_blocked, id=12064, stack(0x0000004b68900000,0x0000004b68a00000)]
  0x0000014f42ec8800 JavaThread "Incoming local TCP Connector on port 60947" [_thread_in_native, id=10660, stack(0x0000004b68a00000,0x0000004b68b00000)]
  0x0000014f42ec9800 JavaThread "Daemon periodic checks" [_thread_blocked, id=15580, stack(0x0000004b68b00000,0x0000004b68c00000)]
  0x0000014f440a0800 JavaThread "Daemon" [_thread_blocked, id=5440, stack(0x0000004b68c00000,0x0000004b68d00000)]
  0x0000014f44718800 JavaThread "Handler for socket connection from /127.0.0.1:60947 to /127.0.0.1:60948" [_thread_in_native, id=16184, stack(0x0000004b68d00000,0x0000004b68e00000)]
  0x0000014f42d03000 JavaThread "Cancel handler" [_thread_blocked, id=14028, stack(0x0000004b68e00000,0x0000004b68f00000)]
  0x0000014f4197c800 JavaThread "Daemon worker" [_thread_blocked, id=14916, stack(0x0000004b68f00000,0x0000004b69000000)]
  0x0000014f41977800 JavaThread "Asynchronous log dispatcher for DefaultDaemonConnection: socket connection from /127.0.0.1:60947 to /127.0.0.1:60948" [_thread_blocked, id=14652, stack(0x0000004b69000000,0x0000004b69100000)]
  0x0000014f43407000 JavaThread "Stdin handler" [_thread_blocked, id=15524, stack(0x0000004b69100000,0x0000004b69200000)]
  0x0000014f43408000 JavaThread "Daemon client event forwarder" [_thread_blocked, id=13968, stack(0x0000004b69200000,0x0000004b69300000)]
  0x0000014f43c86800 JavaThread "Cache worker for journal cache (C:\Users\Adrita Bhattacharjee\.gradle\caches\journal-1)" [_thread_blocked, id=15964, stack(0x0000004b69300000,0x0000004b69400000)]
  0x0000014f43c88000 JavaThread "File lock request listener" [_thread_in_native, id=8668, stack(0x0000004b69400000,0x0000004b69500000)]
  0x0000014f43c8d000 JavaThread "Cache worker for file hash cache (C:\Users\Adrita Bhattacharjee\.gradle\caches\7.6\fileHashes)" [_thread_blocked, id=14752, stack(0x0000004b69500000,0x0000004b69600000)]
  0x0000014f43c89800 JavaThread "File watcher server" daemon [_thread_blocked, id=5196, stack(0x0000004b69600000,0x0000004b69700000)]
  0x0000014f43c87000 JavaThread "File watcher consumer" daemon [_thread_blocked, id=15224, stack(0x0000004b69700000,0x0000004b69800000)]
  0x0000014f43c8c000 JavaThread "Cache worker for checksums cache (C:\Users\Adrita Bhattacharjee\Library-Management-System-main\backend\.gradle\7.6\checksums)" [_thread_blocked, id=14944, stack(0x0000004b69800000,0x0000004b69900000)]
  0x0000014f43c88800 JavaThread "Cache worker for cache directory md-rule (C:\Users\Adrita Bhattacharjee\.gradle\caches\7.6\md-rule)" [_thread_blocked, id=988, stack(0x0000004b69900000,0x0000004b69a00000)]
  0x0000014f43c8b000 JavaThread "Cache worker for file content cache (C:\Users\Adrita Bhattacharjee\.gradle\caches\7.6\fileContent)" [_thread_blocked, id=4180, stack(0x0000004b69a00000,0x0000004b69b00000)]
  0x0000014f43c8a800 JavaThread "Cache worker for file hash cache (C:\Users\Adrita Bhattacharjee\Library-Management-System-main\backend\.gradle\7.6\fileHashes)" [_thread_blocked, id=12156, stack(0x0000004b69b00000,0x0000004b69c00000)]
  0x0000014f439d0000 JavaThread "Cache worker for cache directory md-supplier (C:\Users\Adrita Bhattacharjee\.gradle\caches\7.6\md-supplier)" [_thread_blocked, id=15300, stack(0x0000004b69c00000,0x0000004b69d00000)]
  0x0000014f439cf800 JavaThread "Cache worker for execution history cache (C:\Users\Adrita Bhattacharjee\.gradle\caches\7.6\executionHistory)" [_thread_blocked, id=8356, stack(0x0000004b69d00000,0x0000004b69e00000)]
  0x0000014f439cd000 JavaThread "jar transforms" [_thread_blocked, id=11852, stack(0x0000004b69f00000,0x0000004b6a000000)]
  0x0000014f439ce800 JavaThread "jar transforms Thread 2" [_thread_blocked, id=16020, stack(0x0000004b6a000000,0x0000004b6a100000)]
  0x0000014f439cb800 JavaThread "Cache worker for dependencies-accessors (C:\Users\Adrita Bhattacharjee\Library-Management-System-main\backend\.gradle\7.6\dependencies-accessors)" [_thread_blocked, id=14788, stack(0x0000004b6a100000,0x0000004b6a200000)]
  0x0000014f439ca800 JavaThread "jar transforms Thread 3" [_thread_blocked, id=12752, stack(0x0000004b6a200000,0x0000004b6a300000)]
  0x0000014f439cc000 JavaThread "Cache worker for Build Output Cleanup Cache (C:\Users\Adrita Bhattacharjee\Library-Management-System-main\backend\.gradle\buildOutputCleanup)" [_thread_blocked, id=4308, stack(0x0000004b6a400000,0x0000004b6a500000)]
  0x0000014f439d8800 JavaThread "Unconstrained build operations" [_thread_blocked, id=10420, stack(0x0000004b6a600000,0x0000004b6a700000)]
  0x0000014f439d7800 JavaThread "Unconstrained build operations Thread 2" [_thread_blocked, id=5248, stack(0x0000004b6a700000,0x0000004b6a800000)]
  0x0000014f439d2800 JavaThread "Unconstrained build operations Thread 3" [_thread_blocked, id=4184, stack(0x0000004b6a800000,0x0000004b6a900000)]
  0x0000014f439d4800 JavaThread "Unconstrained build operations Thread 4" [_thread_blocked, id=4156, stack(0x0000004b6a900000,0x0000004b6aa00000)]
  0x0000014f439d3800 JavaThread "Unconstrained build operations Thread 5" [_thread_blocked, id=14684, stack(0x0000004b6aa00000,0x0000004b6ab00000)]
  0x0000014f439d9000 JavaThread "Unconstrained build operations Thread 6" [_thread_blocked, id=3676, stack(0x0000004b6ab00000,0x0000004b6ac00000)]
  0x0000014f439d5000 JavaThread "Unconstrained build operations Thread 7" [_thread_blocked, id=10872, stack(0x0000004b6ac00000,0x0000004b6ad00000)]
  0x0000014f439d6000 JavaThread "Unconstrained build operations Thread 8" [_thread_blocked, id=10632, stack(0x0000004b6a500000,0x0000004b6a600000)]
  0x0000014f439d7000 JavaThread "Unconstrained build operations Thread 9" [_thread_blocked, id=15780, stack(0x0000004b6ad00000,0x0000004b6ae00000)]
  0x0000014f43d95000 JavaThread "Unconstrained build operations Thread 10" [_thread_blocked, id=14840, stack(0x0000004b6ae00000,0x0000004b6af00000)]
  0x0000014f43d96800 JavaThread "Unconstrained build operations Thread 11" [_thread_blocked, id=15088, stack(0x0000004b6af00000,0x0000004b6b000000)]
  0x0000014f43d98000 JavaThread "Unconstrained build operations Thread 12" [_thread_blocked, id=15500, stack(0x0000004b6b000000,0x0000004b6b100000)]
  0x0000014f43d99000 JavaThread "Unconstrained build operations Thread 13" [_thread_blocked, id=16244, stack(0x0000004b6b100000,0x0000004b6b200000)]
  0x0000014f43d94000 JavaThread "Unconstrained build operations Thread 14" [_thread_blocked, id=15572, stack(0x0000004b6b200000,0x0000004b6b300000)]
  0x0000014f43d95800 JavaThread "Unconstrained build operations Thread 15" [_thread_blocked, id=13584, stack(0x0000004b6b300000,0x0000004b6b400000)]
  0x0000014f43d93000 JavaThread "Unconstrained build operations Thread 16" [_thread_blocked, id=16252, stack(0x0000004b6b400000,0x0000004b6b500000)]
  0x0000014f43d99800 JavaThread "Unconstrained build operations Thread 17" [_thread_blocked, id=15804, stack(0x0000004b6b500000,0x0000004b6b600000)]
  0x0000014f43d9a800 JavaThread "Unconstrained build operations Thread 18" [_thread_blocked, id=13536, stack(0x0000004b6b600000,0x0000004b6b700000)]
  0x0000014f43d97000 JavaThread "jar transforms Thread 4" [_thread_blocked, id=15488, stack(0x0000004b6b700000,0x0000004b6b800000)]
  0x0000014f43da1000 JavaThread "Memory manager" [_thread_blocked, id=9452, stack(0x0000004b6b900000,0x0000004b6ba00000)]
  0x0000014f43d9d000 JavaThread "included builds" [_thread_blocked, id=13788, stack(0x0000004b6ba00000,0x0000004b6bb00000)]
  0x0000014f43d9b800 JavaThread "Execution worker" [_thread_blocked, id=6980, stack(0x0000004b6bb00000,0x0000004b6bc00000)]
  0x0000014f43da0000 JavaThread "Execution worker Thread 2" [_thread_blocked, id=2464, stack(0x0000004b6bc00000,0x0000004b6bd00000)]
  0x0000014f43d9e000 JavaThread "Execution worker Thread 3" [_thread_blocked, id=16336, stack(0x0000004b6bd00000,0x0000004b6be00000)]
  0x0000014f43da2000 JavaThread "Cache worker for execution history cache (C:\Users\Adrita Bhattacharjee\Library-Management-System-main\backend\.gradle\7.6\executionHistory)" [_thread_blocked, id=5412, stack(0x0000004b6b800000,0x0000004b6b900000)]
  0x0000014f43d9f800 JavaThread "Unconstrained build operations Thread 19" [_thread_blocked, id=2956, stack(0x0000004b6bf00000,0x0000004b6c000000)]
  0x0000014f43d9c000 JavaThread "Unconstrained build operations Thread 20" [_thread_blocked, id=11972, stack(0x0000004b6c000000,0x0000004b6c100000)]
  0x0000014f4381e800 JavaThread "Unconstrained build operations Thread 21" [_thread_blocked, id=3376, stack(0x0000004b6c100000,0x0000004b6c200000)]
  0x0000014f4381c800 JavaThread "Unconstrained build operations Thread 22" [_thread_blocked, id=12612, stack(0x0000004b6c200000,0x0000004b6c300000)]
  0x0000014f4381f000 JavaThread "Unconstrained build operations Thread 23" [_thread_blocked, id=11552, stack(0x0000004b6c300000,0x0000004b6c400000)]
  0x0000014f4381c000 JavaThread "Unconstrained build operations Thread 24" [_thread_blocked, id=15368, stack(0x0000004b6c400000,0x0000004b6c500000)]
  0x0000014f4381a000 JavaThread "Unconstrained build operations Thread 25" [_thread_blocked, id=15100, stack(0x0000004b6c500000,0x0000004b6c600000)]
  0x0000014f4381b000 JavaThread "Unconstrained build operations Thread 26" [_thread_blocked, id=14756, stack(0x0000004b6c600000,0x0000004b6c700000)]
  0x0000014f43819800 JavaThread "Unconstrained build operations Thread 27" [_thread_blocked, id=2840, stack(0x0000004b6c700000,0x0000004b6c800000)]
  0x0000014f43820800 JavaThread "Unconstrained build operations Thread 28" [_thread_blocked, id=16348, stack(0x0000004b6c800000,0x0000004b6c900000)]
  0x0000014f43821800 JavaThread "Unconstrained build operations Thread 29" [_thread_blocked, id=15592, stack(0x0000004b6c900000,0x0000004b6ca00000)]
  0x0000014f43820000 JavaThread "Unconstrained build operations Thread 30" [_thread_blocked, id=11024, stack(0x0000004b6ca00000,0x0000004b6cb00000)]
  0x0000014f43823000 JavaThread "Unconstrained build operations Thread 31" [_thread_blocked, id=7592, stack(0x0000004b6cb00000,0x0000004b6cc00000)]
  0x0000014f43822800 JavaThread "Unconstrained build operations Thread 32" [_thread_blocked, id=500, stack(0x0000004b6cc00000,0x0000004b6cd00000)]
  0x0000014f4381d800 JavaThread "Unconstrained build operations Thread 33" [_thread_blocked, id=10460, stack(0x0000004b6cd00000,0x0000004b6ce00000)]
  0x0000014f43827800 JavaThread "Unconstrained build operations Thread 34" [_thread_blocked, id=16224, stack(0x0000004b6ce00000,0x0000004b6cf00000)]
  0x0000014f43825800 JavaThread "Unconstrained build operations Thread 35" [_thread_blocked, id=7252, stack(0x0000004b67200000,0x0000004b67300000)]
  0x0000014f43824000 JavaThread "Unconstrained build operations Thread 36" [_thread_blocked, id=4628, stack(0x0000004b67300000,0x0000004b67400000)]
  0x0000014f43828000 JavaThread "Unconstrained build operations Thread 37" [_thread_blocked, id=5712, stack(0x0000004b67400000,0x0000004b67500000)]
  0x0000014f43826800 JavaThread "Unconstrained build operations Thread 38" [_thread_blocked, id=12980, stack(0x0000004b6be00000,0x0000004b6bf00000)]
  0x0000014f43825000 JavaThread "Unconstrained build operations Thread 39" [_thread_blocked, id=6716, stack(0x0000004b6cf00000,0x0000004b6d000000)]
  0x0000014f43d9e800 JavaThread "Unconstrained build operations Thread 40" [_thread_blocked, id=10040, stack(0x0000004b6d000000,0x0000004b6d100000)]
  0x0000014f46358800 JavaThread "Exec process" [_thread_in_native, id=4076, stack(0x0000004b6d100000,0x0000004b6d200000)]
  0x0000014f4635d800 JavaThread "Exec process Thread 2" [_thread_in_native, id=15816, stack(0x0000004b6d200000,0x0000004b6d300000)]
  0x0000014f4635c000 JavaThread "Exec process Thread 3" [_thread_in_native, id=5112, stack(0x0000004b6d300000,0x0000004b6d400000)]

Other Threads:
  0x0000014f40ab6800 VMThread "VM Thread" [stack: 0x0000004b67b00000,0x0000004b67c00000] [id=15216]
  0x0000014f415ed800 WatcherThread [stack: 0x0000004b68500000,0x0000004b68600000] [id=12208]
  0x0000014f258ae800 GCTaskThread "GC Thread#0" [stack: 0x0000004b67600000,0x0000004b67700000] [id=11604]
  0x0000014f41c11800 GCTaskThread "GC Thread#1" [stack: 0x0000004b68600000,0x0000004b68700000] [id=1324]
  0x0000014f41aa3000 GCTaskThread "GC Thread#2" [stack: 0x0000004b68700000,0x0000004b68800000] [id=15356]
  0x0000014f41aa4000 GCTaskThread "GC Thread#3" [stack: 0x0000004b68800000,0x0000004b68900000] [id=3220]
  0x0000014f258bf000 ConcurrentGCThread "G1 Main Marker" [stack: 0x0000004b67700000,0x0000004b67800000] [id=14760]
  0x0000014f258c0800 ConcurrentGCThread "G1 Conc#0" [stack: 0x0000004b67800000,0x0000004b67900000] [id=15828]
  0x0000014f40952800 ConcurrentGCThread "G1 Refine#0" [stack: 0x0000004b67900000,0x0000004b67a00000] [id=8872]
  0x0000014f40953800 ConcurrentGCThread "G1 Young RemSet Sampling" [stack: 0x0000004b67a00000,0x0000004b67b00000] [id=16076]

Threads with active compile tasks:
C2 CompilerThread08333       4       java.util.concurrent.locks.AbstractQueuedSynchronizer$ConditionObject::addConditionWaiter (79 bytes)
C1 CompilerThread08335       3       java.util.concurrent.LinkedBlockingDeque$AbstractItr::hasNext (13 bytes)

VM state:synchronizing (normal execution)

VM Mutex/Monitor currently owned by a thread:  ([mutex/lock_event])
[0x0000014f25893310] Threads_lock - owner thread: 0x0000014f40ab6800

Heap address: 0x00000000e0000000, size: 512 MB, Compressed Oops mode: 32-bit
Narrow klass base: 0x0000000000000000, Narrow klass shift: 3
Compressed class space size: 260046848 Address: 0x0000000100000000

Heap:
 garbage-first heap   total 262144K, used 45710K [0x00000000e0000000, 0x0000000100000000)
  region size 1024K, 12 young (12288K), 8 survivors (8192K)
 Metaspace       used 60792K, capacity 62698K, committed 62876K, reserved 309248K
  class space    used 7880K, capacity 8640K, committed 8704K, reserved 253952K
Heap Regions: E=young(eden), S=young(survivor), O=old, HS=humongous(starts), HC=humongous(continues), CS=collection set, F=free, A=archive, TAMS=top-at-mark-start (previous, next)
|   0|0x00000000e0000000, 0x00000000e0100000, 0x00000000e0100000|100%| O|  |TAMS 0x00000000e0100000, 0x00000000e0000000| Untracked 
|   1|0x00000000e0100000, 0x00000000e0200000, 0x00000000e0200000|100%| O|  |TAMS 0x00000000e0200000, 0x00000000e0100000| Untracked 
|   2|0x00000000e0200000, 0x00000000e0300000, 0x00000000e0300000|100%|HS|  |TAMS 0x00000000e0300000, 0x00000000e0200000| Complete 
|   3|0x00000000e0300000, 0x00000000e0400000, 0x00000000e0400000|100%|HC|  |TAMS 0x00000000e0400000, 0x00000000e0300000| Complete 
|   4|0x00000000e0400000, 0x00000000e0500000, 0x00000000e0500000|100%|HC|  |TAMS 0x00000000e0500000, 0x00000000e0400000| Complete 
|   5|0x00000000e0500000, 0x00000000e0600000, 0x00000000e0600000|100%| O|  |TAMS 0x00000000e0600000, 0x00000000e0500000| Untracked 
|   6|0x00000000e0600000, 0x00000000e0700000, 0x00000000e0700000|100%| O|  |TAMS 0x00000000e0700000, 0x00000000e0600000| Untracked 
|   7|0x00000000e0700000, 0x00000000e0800000, 0x00000000e0800000|100%| O|  |TAMS 0x00000000e0800000, 0x00000000e0700000| Untracked 
|   8|0x00000000e0800000, 0x00000000e0900000, 0x00000000e0900000|100%| O|  |TAMS 0x00000000e0900000, 0x00000000e0800000| Untracked 
|   9|0x00000000e0900000, 0x00000000e0a00000, 0x00000000e0a00000|100%| O|  |TAMS 0x00000000e0a00000, 0x00000000e0900000| Untracked 
|  10|0x00000000e0a00000, 0x00000000e0b00000, 0x00000000e0b00000|100%| O|  |TAMS 0x00000000e0b00000, 0x00000000e0a00000| Untracked 
|  11|0x00000000e0b00000, 0x00000000e0c00000, 0x00000000e0c00000|100%| O|  |TAMS 0x00000000e0c00000, 0x00000000e0b00000| Untracked 
|  12|0x00000000e0c00000, 0x00000000e0d00000, 0x00000000e0d00000|100%| O|  |TAMS 0x00000000e0d00000, 0x00000000e0c00000| Untracked 
|  13|0x00000000e0d00000, 0x00000000e0e00000, 0x00000000e0e00000|100%| O|  |TAMS 0x00000000e0e00000, 0x00000000e0d00000| Untracked 
|  14|0x00000000e0e00000, 0x00000000e0f00000, 0x00000000e0f00000|100%| O|  |TAMS 0x00000000e0f00000, 0x00000000e0e00000| Untracked 
|  15|0x00000000e0f00000, 0x00000000e1000000, 0x00000000e1000000|100%| O|  |TAMS 0x00000000e0f9fa00, 0x00000000e0f00000| Untracked 
|  16|0x00000000e1000000, 0x00000000e1100000, 0x00000000e1100000|100%| O|  |TAMS 0x00000000e1000000, 0x00000000e1000000| Untracked 
|  17|0x00000000e1100000, 0x00000000e1200000, 0x00000000e1200000|100%| O|  |TAMS 0x00000000e1100000, 0x00000000e1100000| Untracked 
|  18|0x00000000e1200000, 0x00000000e1300000, 0x00000000e1300000|100%| O|  |TAMS 0x00000000e1200000, 0x00000000e1200000| Untracked 
|  19|0x00000000e1300000, 0x00000000e1400000, 0x00000000e1400000|100%| O|  |TAMS 0x00000000e1300000, 0x00000000e1300000| Untracked 
|  20|0x00000000e1400000, 0x00000000e1500000, 0x00000000e1500000|100%| O|  |TAMS 0x00000000e1400000, 0x00000000e1400000| Untracked 
|  21|0x00000000e1500000, 0x00000000e1600000, 0x00000000e1600000|100%| O|  |TAMS 0x00000000e1500000, 0x00000000e1500000| Untracked 
|  22|0x00000000e1600000, 0x00000000e1700000, 0x00000000e1700000|100%| O|  |TAMS 0x00000000e1600000, 0x00000000e1600000| Untracked 
|  23|0x00000000e1700000, 0x00000000e1800000, 0x00000000e1800000|100%| O|  |TAMS 0x00000000e1700000, 0x00000000e1700000| Untracked 
|  24|0x00000000e1800000, 0x00000000e1900000, 0x00000000e1900000|100%| O|  |TAMS 0x00000000e1800000, 0x00000000e1800000| Untracked 
|  25|0x00000000e1900000, 0x00000000e1a00000, 0x00000000e1a00000|100%| O|  |TAMS 0x00000000e1900000, 0x00000000e1900000| Untracked 
|  26|0x00000000e1a00000, 0x00000000e1b00000, 0x00000000e1b00000|100%| O|  |TAMS 0x00000000e1a00000, 0x00000000e1a00000| Untracked 
|  27|0x00000000e1b00000, 0x00000000e1c00000, 0x00000000e1c00000|100%| O|  |TAMS 0x00000000e1b00000, 0x00000000e1b00000| Untracked 
|  28|0x00000000e1c00000, 0x00000000e1c00000, 0x00000000e1d00000|  0%| F|  |TAMS 0x00000000e1c00000, 0x00000000e1c00000| Untracked 
|  29|0x00000000e1d00000, 0x00000000e1e00000, 0x00000000e1e00000|100%| O|  |TAMS 0x00000000e1d00000, 0x00000000e1d00000| Untracked 
|  30|0x00000000e1e00000, 0x00000000e1f00000, 0x00000000e1f00000|100%| O|  |TAMS 0x00000000e1e00000, 0x00000000e1e00000| Untracked 
|  31|0x00000000e1f00000, 0x00000000e2000000, 0x00000000e2000000|100%| O|  |TAMS 0x00000000e1f00000, 0x00000000e1f00000| Untracked 
|  32|0x00000000e2000000, 0x00000000e2100000, 0x00000000e2100000|100%| O|  |TAMS 0x00000000e2000000, 0x00000000e2000000| Untracked 
|  33|0x00000000e2100000, 0x00000000e2200000, 0x00000000e2200000|100%| O|  |TAMS 0x00000000e2100000, 0x00000000e2100000| Untracked 
|  34|0x00000000e2200000, 0x00000000e22cb800, 0x00000000e2300000| 79%| O|  |TAMS 0x00000000e2200000, 0x00000000e2200000| Untracked 
|  35|0x00000000e2300000, 0x00000000e2300000, 0x00000000e2400000|  0%| F|  |TAMS 0x00000000e2300000, 0x00000000e2300000| Untracked 
|  36|0x00000000e2400000, 0x00000000e2400000, 0x00000000e2500000|  0%| F|  |TAMS 0x00000000e2400000, 0x00000000e2400000| Untracked 
|  37|0x00000000e2500000, 0x00000000e2500000, 0x00000000e2600000|  0%| F|  |TAMS 0x00000000e2500000, 0x00000000e2500000| Untracked 
|  38|0x00000000e2600000, 0x00000000e2600000, 0x00000000e2700000|  0%| F|  |TAMS 0x00000000e2600000, 0x00000000e2600000| Untracked 
|  39|0x00000000e2700000, 0x00000000e2700000, 0x00000000e2800000|  0%| F|  |TAMS 0x00000000e2700000, 0x00000000e2700000| Untracked 
|  40|0x00000000e2800000, 0x00000000e2800000, 0x00000000e2900000|  0%| F|  |TAMS 0x00000000e2800000, 0x00000000e2800000| Untracked 
|  41|0x00000000e2900000, 0x00000000e2900000, 0x00000000e2a00000|  0%| F|  |TAMS 0x00000000e2900000, 0x00000000e2900000| Untracked 
|  42|0x00000000e2a00000, 0x00000000e2a00000, 0x00000000e2b00000|  0%| F|  |TAMS 0x00000000e2a00000, 0x00000000e2a00000| Untracked 
|  43|0x00000000e2b00000, 0x00000000e2b00000, 0x00000000e2c00000|  0%| F|  |TAMS 0x00000000e2b00000, 0x00000000e2b00000| Untracked 
|  44|0x00000000e2c00000, 0x00000000e2c00000, 0x00000000e2d00000|  0%| F|  |TAMS 0x00000000e2c00000, 0x00000000e2c00000| Untracked 
|  45|0x00000000e2d00000, 0x00000000e2d00000, 0x00000000e2e00000|  0%| F|  |TAMS 0x00000000e2d00000, 0x00000000e2d00000| Untracked 
|  46|0x00000000e2e00000, 0x00000000e2e00000, 0x00000000e2f00000|  0%| F|  |TAMS 0x00000000e2e00000, 0x00000000e2e00000| Untracked 
|  47|0x00000000e2f00000, 0x00000000e2f00000, 0x00000000e3000000|  0%| F|  |TAMS 0x00000000e2f00000, 0x00000000e2f00000| Untracked 
|  48|0x00000000e3000000, 0x00000000e3000000, 0x00000000e3100000|  0%| F|  |TAMS 0x00000000e3000000, 0x00000000e3000000| Untracked 
|  49|0x00000000e3100000, 0x00000000e3100000, 0x00000000e3200000|  0%| F|  |TAMS 0x00000000e3100000, 0x00000000e3100000| Untracked 
|  50|0x00000000e3200000, 0x00000000e3200000, 0x00000000e3300000|  0%| F|  |TAMS 0x00000000e3200000, 0x00000000e3200000| Untracked 
|  51|0x00000000e3300000, 0x00000000e3300000, 0x00000000e3400000|  0%| F|  |TAMS 0x00000000e3300000, 0x00000000e3300000| Untracked 
|  52|0x00000000e3400000, 0x00000000e3400000, 0x00000000e3500000|  0%| F|  |TAMS 0x00000000e3400000, 0x00000000e3400000| Untracked 
|  53|0x00000000e3500000, 0x00000000e3500000, 0x00000000e3600000|  0%| F|  |TAMS 0x00000000e3500000, 0x00000000e3500000| Untracked 
|  54|0x00000000e3600000, 0x00000000e3600000, 0x00000000e3700000|  0%| F|  |TAMS 0x00000000e3600000, 0x00000000e3600000| Untracked 
|  55|0x00000000e3700000, 0x00000000e3700000, 0x00000000e3800000|  0%| F|  |TAMS 0x00000000e3700000, 0x00000000e3700000| Untracked 
|  56|0x00000000e3800000, 0x00000000e3800000, 0x00000000e3900000|  0%| F|  |TAMS 0x00000000e3800000, 0x00000000e3800000| Untracked 
|  57|0x00000000e3900000, 0x00000000e3900000, 0x00000000e3a00000|  0%| F|  |TAMS 0x00000000e3900000, 0x00000000e3900000| Untracked 
|  58|0x00000000e3a00000, 0x00000000e3a00000, 0x00000000e3b00000|  0%| F|  |TAMS 0x00000000e3a00000, 0x00000000e3a00000| Untracked 
|  59|0x00000000e3b00000, 0x00000000e3b00000, 0x00000000e3c00000|  0%| F|  |TAMS 0x00000000e3b00000, 0x00000000e3b00000| Untracked 
|  60|0x00000000e3c00000, 0x00000000e3c00000, 0x00000000e3d00000|  0%| F|  |TAMS 0x00000000e3c00000, 0x00000000e3c00000| Untracked 
|  61|0x00000000e3d00000, 0x00000000e3d00000, 0x00000000e3e00000|  0%| F|  |TAMS 0x00000000e3d00000, 0x00000000e3d00000| Untracked 
|  62|0x00000000e3e00000, 0x00000000e3e00000, 0x00000000e3f00000|  0%| F|  |TAMS 0x00000000e3e00000, 0x00000000e3e00000| Untracked 
|  63|0x00000000e3f00000, 0x00000000e3f00000, 0x00000000e4000000|  0%| F|  |TAMS 0x00000000e3f00000, 0x00000000e3f00000| Untracked 
|  64|0x00000000e4000000, 0x00000000e4000000, 0x00000000e4100000|  0%| F|  |TAMS 0x00000000e4000000, 0x00000000e4000000| Untracked 
|  65|0x00000000e4100000, 0x00000000e4100000, 0x00000000e4200000|  0%| F|  |TAMS 0x00000000e4100000, 0x00000000e4100000| Untracked 
|  66|0x00000000e4200000, 0x00000000e4200000, 0x00000000e4300000|  0%| F|  |TAMS 0x00000000e4200000, 0x00000000e4200000| Untracked 
|  67|0x00000000e4300000, 0x00000000e4300000, 0x00000000e4400000|  0%| F|  |TAMS 0x00000000e4300000, 0x00000000e4300000| Untracked 
|  68|0x00000000e4400000, 0x00000000e4400000, 0x00000000e4500000|  0%| F|  |TAMS 0x00000000e4400000, 0x00000000e4400000| Untracked 
|  69|0x00000000e4500000, 0x00000000e4500000, 0x00000000e4600000|  0%| F|  |TAMS 0x00000000e4500000, 0x00000000e4500000| Untracked 
|  70|0x00000000e4600000, 0x00000000e4600000, 0x00000000e4700000|  0%| F|  |TAMS 0x00000000e4600000, 0x00000000e4600000| Untracked 
|  71|0x00000000e4700000, 0x00000000e4700000, 0x00000000e4800000|  0%| F|  |TAMS 0x00000000e4700000, 0x00000000e4700000| Untracked 
|  72|0x00000000e4800000, 0x00000000e4800000, 0x00000000e4900000|  0%| F|  |TAMS 0x00000000e4800000, 0x00000000e4800000| Untracked 
|  73|0x00000000e4900000, 0x00000000e4900000, 0x00000000e4a00000|  0%| F|  |TAMS 0x00000000e4900000, 0x00000000e4900000| Untracked 
|  74|0x00000000e4a00000, 0x00000000e4a00000, 0x00000000e4b00000|  0%| F|  |TAMS 0x00000000e4a00000, 0x00000000e4a00000| Untracked 
|  75|0x00000000e4b00000, 0x00000000e4b00000, 0x00000000e4c00000|  0%| F|  |TAMS 0x00000000e4b00000, 0x00000000e4b00000| Untracked 
|  76|0x00000000e4c00000, 0x00000000e4c00000, 0x00000000e4d00000|  0%| F|  |TAMS 0x00000000e4c00000, 0x00000000e4c00000| Untracked 
|  77|0x00000000e4d00000, 0x00000000e4d00000, 0x00000000e4e00000|  0%| F|  |TAMS 0x00000000e4d00000, 0x00000000e4d00000| Untracked 
|  78|0x00000000e4e00000, 0x00000000e4e00000, 0x00000000e4f00000|  0%| F|  |TAMS 0x00000000e4e00000, 0x00000000e4e00000| Untracked 
|  79|0x00000000e4f00000, 0x00000000e4f00000, 0x00000000e5000000|  0%| F|  |TAMS 0x00000000e4f00000, 0x00000000e4f00000| Untracked 
|  80|0x00000000e5000000, 0x00000000e5000000, 0x00000000e5100000|  0%| F|  |TAMS 0x00000000e5000000, 0x00000000e5000000| Untracked 
|  81|0x00000000e5100000, 0x00000000e5100000, 0x00000000e5200000|  0%| F|  |TAMS 0x00000000e5100000, 0x00000000e5100000| Untracked 
|  82|0x00000000e5200000, 0x00000000e5200000, 0x00000000e5300000|  0%| F|  |TAMS 0x00000000e5200000, 0x00000000e5200000| Untracked 
|  83|0x00000000e5300000, 0x00000000e5300000, 0x00000000e5400000|  0%| F|  |TAMS 0x00000000e5300000, 0x00000000e5300000| Untracked 
|  84|0x00000000e5400000, 0x00000000e5400000, 0x00000000e5500000|  0%| F|  |TAMS 0x00000000e5400000, 0x00000000e5400000| Untracked 
|  85|0x00000000e5500000, 0x00000000e5500000, 0x00000000e5600000|  0%| F|  |TAMS 0x00000000e5500000, 0x00000000e5500000| Untracked 
|  86|0x00000000e5600000, 0x00000000e5600000, 0x00000000e5700000|  0%| F|  |TAMS 0x00000000e5600000, 0x00000000e5600000| Untracked 
|  87|0x00000000e5700000, 0x00000000e5700000, 0x00000000e5800000|  0%| F|  |TAMS 0x00000000e5700000, 0x00000000e5700000| Untracked 
|  88|0x00000000e5800000, 0x00000000e5800000, 0x00000000e5900000|  0%| F|  |TAMS 0x00000000e5800000, 0x00000000e5800000| Untracked 
|  89|0x00000000e5900000, 0x00000000e5900000, 0x00000000e5a00000|  0%| F|  |TAMS 0x00000000e5900000, 0x00000000e5900000| Untracked 
|  90|0x00000000e5a00000, 0x00000000e5a00000, 0x00000000e5b00000|  0%| F|  |TAMS 0x00000000e5a00000, 0x00000000e5a00000| Untracked 
|  91|0x00000000e5b00000, 0x00000000e5b00000, 0x00000000e5c00000|  0%| F|  |TAMS 0x00000000e5b00000, 0x00000000e5b00000| Untracked 
|  92|0x00000000e5c00000, 0x00000000e5c00000, 0x00000000e5d00000|  0%| F|  |TAMS 0x00000000e5c00000, 0x00000000e5c00000| Untracked 
|  93|0x00000000e5d00000, 0x00000000e5d00000, 0x00000000e5e00000|  0%| F|  |TAMS 0x00000000e5d00000, 0x00000000e5d00000| Untracked 
|  94|0x00000000e5e00000, 0x00000000e5e00000, 0x00000000e5f00000|  0%| F|  |TAMS 0x00000000e5e00000, 0x00000000e5e00000| Untracked 
|  95|0x00000000e5f00000, 0x00000000e5fd8260, 0x00000000e6000000| 84%| S|CS|TAMS 0x00000000e5f00000, 0x00000000e5f00000| Complete 
|  96|0x00000000e6000000, 0x00000000e6100000, 0x00000000e6100000|100%| S|CS|TAMS 0x00000000e6000000, 0x00000000e6000000| Complete 
|  97|0x00000000e6100000, 0x00000000e6200000, 0x00000000e6200000|100%| S|CS|TAMS 0x00000000e6100000, 0x00000000e6100000| Complete 
|  98|0x00000000e6200000, 0x00000000e6300000, 0x00000000e6300000|100%| S|CS|TAMS 0x00000000e6200000, 0x00000000e6200000| Complete 
|  99|0x00000000e6300000, 0x00000000e6400000, 0x00000000e6400000|100%| S|CS|TAMS 0x00000000e6300000, 0x00000000e6300000| Complete 
| 100|0x00000000e6400000, 0x00000000e6500000, 0x00000000e6500000|100%| S|CS|TAMS 0x00000000e6400000, 0x00000000e6400000| Complete 
| 101|0x00000000e6500000, 0x00000000e6600000, 0x00000000e6600000|100%| S|CS|TAMS 0x00000000e6500000, 0x00000000e6500000| Complete 
| 102|0x00000000e6600000, 0x00000000e6600000, 0x00000000e6700000|  0%| F|  |TAMS 0x00000000e6600000, 0x00000000e6600000| Untracked 
| 103|0x00000000e6700000, 0x00000000e6800000, 0x00000000e6800000|100%| S|CS|TAMS 0x00000000e6700000, 0x00000000e6700000| Complete 
| 104|0x00000000e6800000, 0x00000000e6800000, 0x00000000e6900000|  0%| F|  |TAMS 0x00000000e6800000, 0x00000000e6800000| Untracked 
| 105|0x00000000e6900000, 0x00000000e6900000, 0x00000000e6a00000|  0%| F|  |TAMS 0x00000000e6900000, 0x00000000e6900000| Untracked 
| 106|0x00000000e6a00000, 0x00000000e6a00000, 0x00000000e6b00000|  0%| F|  |TAMS 0x00000000e6a00000, 0x00000000e6a00000| Untracked 
| 107|0x00000000e6b00000, 0x00000000e6b00000, 0x00000000e6c00000|  0%| F|  |TAMS 0x00000000e6b00000, 0x00000000e6b00000| Untracked 
| 108|0x00000000e6c00000, 0x00000000e6c00000, 0x00000000e6d00000|  0%| F|  |TAMS 0x00000000e6c00000, 0x00000000e6c00000| Untracked 
| 109|0x00000000e6d00000, 0x00000000e6d00000, 0x00000000e6e00000|  0%| F|  |TAMS 0x00000000e6d00000, 0x00000000e6d00000| Untracked 
| 110|0x00000000e6e00000, 0x00000000e6e00000, 0x00000000e6f00000|  0%| F|  |TAMS 0x00000000e6e00000, 0x00000000e6e00000| Untracked 
| 111|0x00000000e6f00000, 0x00000000e6f00000, 0x00000000e7000000|  0%| F|  |TAMS 0x00000000e6f00000, 0x00000000e6f00000| Untracked 
| 112|0x00000000e7000000, 0x00000000e7000000, 0x00000000e7100000|  0%| F|  |TAMS 0x00000000e7000000, 0x00000000e7000000| Untracked 
| 113|0x00000000e7100000, 0x00000000e7100000, 0x00000000e7200000|  0%| F|  |TAMS 0x00000000e7100000, 0x00000000e7100000| Untracked 
| 114|0x00000000e7200000, 0x00000000e7200000, 0x00000000e7300000|  0%| F|  |TAMS 0x00000000e7200000, 0x00000000e7200000| Untracked 
| 115|0x00000000e7300000, 0x00000000e7300000, 0x00000000e7400000|  0%| F|  |TAMS 0x00000000e7300000, 0x00000000e7300000| Untracked 
| 116|0x00000000e7400000, 0x00000000e7400000, 0x00000000e7500000|  0%| F|  |TAMS 0x00000000e7400000, 0x00000000e7400000| Untracked 
| 117|0x00000000e7500000, 0x00000000e7500000, 0x00000000e7600000|  0%| F|  |TAMS 0x00000000e7500000, 0x00000000e7500000| Untracked 
| 118|0x00000000e7600000, 0x00000000e7600000, 0x00000000e7700000|  0%| F|  |TAMS 0x00000000e7600000, 0x00000000e7600000| Untracked 
| 119|0x00000000e7700000, 0x00000000e7700000, 0x00000000e7800000|  0%| F|  |TAMS 0x00000000e7700000, 0x00000000e7700000| Untracked 
| 120|0x00000000e7800000, 0x00000000e7800000, 0x00000000e7900000|  0%| F|  |TAMS 0x00000000e7800000, 0x00000000e7800000| Untracked 
| 121|0x00000000e7900000, 0x00000000e7900000, 0x00000000e7a00000|  0%| F|  |TAMS 0x00000000e7900000, 0x00000000e7900000| Untracked 
| 122|0x00000000e7a00000, 0x00000000e7a00000, 0x00000000e7b00000|  0%| F|  |TAMS 0x00000000e7a00000, 0x00000000e7a00000| Untracked 
| 123|0x00000000e7b00000, 0x00000000e7b00000, 0x00000000e7c00000|  0%| F|  |TAMS 0x00000000e7b00000, 0x00000000e7b00000| Untracked 
| 124|0x00000000e7c00000, 0x00000000e7c00000, 0x00000000e7d00000|  0%| F|  |TAMS 0x00000000e7c00000, 0x00000000e7c00000| Untracked 
| 125|0x00000000e7d00000, 0x00000000e7d00000, 0x00000000e7e00000|  0%| F|  |TAMS 0x00000000e7d00000, 0x00000000e7d00000| Untracked 
| 126|0x00000000e7e00000, 0x00000000e7e00000, 0x00000000e7f00000|  0%| F|  |TAMS 0x00000000e7e00000, 0x00000000e7e00000| Untracked 
| 127|0x00000000e7f00000, 0x00000000e7f00000, 0x00000000e8000000|  0%| F|  |TAMS 0x00000000e7f00000, 0x00000000e7f00000| Untracked 
| 128|0x00000000e8000000, 0x00000000e8000000, 0x00000000e8100000|  0%| F|  |TAMS 0x00000000e8000000, 0x00000000e8000000| Untracked 
| 129|0x00000000e8100000, 0x00000000e8100000, 0x00000000e8200000|  0%| F|  |TAMS 0x00000000e8100000, 0x00000000e8100000| Untracked 
| 130|0x00000000e8200000, 0x00000000e8200000, 0x00000000e8300000|  0%| F|  |TAMS 0x00000000e8200000, 0x00000000e8200000| Untracked 
| 131|0x00000000e8300000, 0x00000000e8300000, 0x00000000e8400000|  0%| F|  |TAMS 0x00000000e8300000, 0x00000000e8300000| Untracked 
| 132|0x00000000e8400000, 0x00000000e8400000, 0x00000000e8500000|  0%| F|  |TAMS 0x00000000e8400000, 0x00000000e8400000| Untracked 
| 133|0x00000000e8500000, 0x00000000e8500000, 0x00000000e8600000|  0%| F|  |TAMS 0x00000000e8500000, 0x00000000e8500000| Untracked 
| 134|0x00000000e8600000, 0x00000000e8600000, 0x00000000e8700000|  0%| F|  |TAMS 0x00000000e8600000, 0x00000000e8600000| Untracked 
| 135|0x00000000e8700000, 0x00000000e8700000, 0x00000000e8800000|  0%| F|  |TAMS 0x00000000e8700000, 0x00000000e8700000| Untracked 
| 136|0x00000000e8800000, 0x00000000e8800000, 0x00000000e8900000|  0%| F|  |TAMS 0x00000000e8800000, 0x00000000e8800000| Untracked 
| 137|0x00000000e8900000, 0x00000000e8900000, 0x00000000e8a00000|  0%| F|  |TAMS 0x00000000e8900000, 0x00000000e8900000| Untracked 
| 138|0x00000000e8a00000, 0x00000000e8a00000, 0x00000000e8b00000|  0%| F|  |TAMS 0x00000000e8a00000, 0x00000000e8a00000| Untracked 
| 139|0x00000000e8b00000, 0x00000000e8b00000, 0x00000000e8c00000|  0%| F|  |TAMS 0x00000000e8b00000, 0x00000000e8b00000| Untracked 
| 140|0x00000000e8c00000, 0x00000000e8c00000, 0x00000000e8d00000|  0%| F|  |TAMS 0x00000000e8c00000, 0x00000000e8c00000| Untracked 
| 141|0x00000000e8d00000, 0x00000000e8d00000, 0x00000000e8e00000|  0%| F|  |TAMS 0x00000000e8d00000, 0x00000000e8d00000| Untracked 
| 142|0x00000000e8e00000, 0x00000000e8e00000, 0x00000000e8f00000|  0%| F|  |TAMS 0x00000000e8e00000, 0x00000000e8e00000| Untracked 
| 143|0x00000000e8f00000, 0x00000000e8f00000, 0x00000000e9000000|  0%| F|  |TAMS 0x00000000e8f00000, 0x00000000e8f00000| Untracked 
| 144|0x00000000e9000000, 0x00000000e9000000, 0x00000000e9100000|  0%| F|  |TAMS 0x00000000e9000000, 0x00000000e9000000| Untracked 
| 145|0x00000000e9100000, 0x00000000e9100000, 0x00000000e9200000|  0%| F|  |TAMS 0x00000000e9100000, 0x00000000e9100000| Untracked 
| 146|0x00000000e9200000, 0x00000000e9200000, 0x00000000e9300000|  0%| F|  |TAMS 0x00000000e9200000, 0x00000000e9200000| Untracked 
| 147|0x00000000e9300000, 0x00000000e9300000, 0x00000000e9400000|  0%| F|  |TAMS 0x00000000e9300000, 0x00000000e9300000| Untracked 
| 148|0x00000000e9400000, 0x00000000e9400000, 0x00000000e9500000|  0%| F|  |TAMS 0x00000000e9400000, 0x00000000e9400000| Untracked 
| 149|0x00000000e9500000, 0x00000000e9500000, 0x00000000e9600000|  0%| F|  |TAMS 0x00000000e9500000, 0x00000000e9500000| Untracked 
| 150|0x00000000e9600000, 0x00000000e9600000, 0x00000000e9700000|  0%| F|  |TAMS 0x00000000e9600000, 0x00000000e9600000| Untracked 
| 151|0x00000000e9700000, 0x00000000e9700000, 0x00000000e9800000|  0%| F|  |TAMS 0x00000000e9700000, 0x00000000e9700000| Untracked 
| 152|0x00000000e9800000, 0x00000000e9800000, 0x00000000e9900000|  0%| F|  |TAMS 0x00000000e9800000, 0x00000000e9800000| Untracked 
| 153|0x00000000e9900000, 0x00000000e9900000, 0x00000000e9a00000|  0%| F|  |TAMS 0x00000000e9900000, 0x00000000e9900000| Untracked 
| 154|0x00000000e9a00000, 0x00000000e9a00000, 0x00000000e9b00000|  0%| F|  |TAMS 0x00000000e9a00000, 0x00000000e9a00000| Untracked 
| 155|0x00000000e9b00000, 0x00000000e9b00000, 0x00000000e9c00000|  0%| F|  |TAMS 0x00000000e9b00000, 0x00000000e9b00000| Untracked 
| 156|0x00000000e9c00000, 0x00000000e9c00000, 0x00000000e9d00000|  0%| F|  |TAMS 0x00000000e9c00000, 0x00000000e9c00000| Untracked 
| 157|0x00000000e9d00000, 0x00000000e9d00000, 0x00000000e9e00000|  0%| F|  |TAMS 0x00000000e9d00000, 0x00000000e9d00000| Untracked 
| 158|0x00000000e9e00000, 0x00000000e9e00000, 0x00000000e9f00000|  0%| F|  |TAMS 0x00000000e9e00000, 0x00000000e9e00000| Untracked 
| 159|0x00000000e9f00000, 0x00000000e9f00000, 0x00000000ea000000|  0%| F|  |TAMS 0x00000000e9f00000, 0x00000000e9f00000| Untracked 
| 160|0x00000000ea000000, 0x00000000ea000000, 0x00000000ea100000|  0%| F|  |TAMS 0x00000000ea000000, 0x00000000ea000000| Untracked 
| 161|0x00000000ea100000, 0x00000000ea100000, 0x00000000ea200000|  0%| F|  |TAMS 0x00000000ea100000, 0x00000000ea100000| Untracked 
| 162|0x00000000ea200000, 0x00000000ea200000, 0x00000000ea300000|  0%| F|  |TAMS 0x00000000ea200000, 0x00000000ea200000| Untracked 
| 163|0x00000000ea300000, 0x00000000ea300000, 0x00000000ea400000|  0%| F|  |TAMS 0x00000000ea300000, 0x00000000ea300000| Untracked 
| 164|0x00000000ea400000, 0x00000000ea400000, 0x00000000ea500000|  0%| F|  |TAMS 0x00000000ea400000, 0x00000000ea400000| Untracked 
| 165|0x00000000ea500000, 0x00000000ea500000, 0x00000000ea600000|  0%| F|  |TAMS 0x00000000ea500000, 0x00000000ea500000| Untracked 
| 166|0x00000000ea600000, 0x00000000ea600000, 0x00000000ea700000|  0%| F|  |TAMS 0x00000000ea600000, 0x00000000ea600000| Untracked 
| 167|0x00000000ea700000, 0x00000000ea700000, 0x00000000ea800000|  0%| F|  |TAMS 0x00000000ea700000, 0x00000000ea700000| Untracked 
| 168|0x00000000ea800000, 0x00000000ea800000, 0x00000000ea900000|  0%| F|  |TAMS 0x00000000ea800000, 0x00000000ea800000| Untracked 
| 169|0x00000000ea900000, 0x00000000ea900000, 0x00000000eaa00000|  0%| F|  |TAMS 0x00000000ea900000, 0x00000000ea900000| Untracked 
| 170|0x00000000eaa00000, 0x00000000eaa00000, 0x00000000eab00000|  0%| F|  |TAMS 0x00000000eaa00000, 0x00000000eaa00000| Untracked 
| 171|0x00000000eab00000, 0x00000000eab00000, 0x00000000eac00000|  0%| F|  |TAMS 0x00000000eab00000, 0x00000000eab00000| Untracked 
| 172|0x00000000eac00000, 0x00000000eac00000, 0x00000000ead00000|  0%| F|  |TAMS 0x00000000eac00000, 0x00000000eac00000| Untracked 
| 173|0x00000000ead00000, 0x00000000ead00000, 0x00000000eae00000|  0%| F|  |TAMS 0x00000000ead00000, 0x00000000ead00000| Untracked 
| 174|0x00000000eae00000, 0x00000000eae00000, 0x00000000eaf00000|  0%| F|  |TAMS 0x00000000eae00000, 0x00000000eae00000| Untracked 
| 175|0x00000000eaf00000, 0x00000000eaf00000, 0x00000000eb000000|  0%| F|  |TAMS 0x00000000eaf00000, 0x00000000eaf00000| Untracked 
| 176|0x00000000eb000000, 0x00000000eb000000, 0x00000000eb100000|  0%| F|  |TAMS 0x00000000eb000000, 0x00000000eb000000| Untracked 
| 177|0x00000000eb100000, 0x00000000eb100000, 0x00000000eb200000|  0%| F|  |TAMS 0x00000000eb100000, 0x00000000eb100000| Untracked 
| 178|0x00000000eb200000, 0x00000000eb200000, 0x00000000eb300000|  0%| F|  |TAMS 0x00000000eb200000, 0x00000000eb200000| Untracked 
| 179|0x00000000eb300000, 0x00000000eb300000, 0x00000000eb400000|  0%| F|  |TAMS 0x00000000eb300000, 0x00000000eb300000| Untracked 
| 180|0x00000000eb400000, 0x00000000eb400000, 0x00000000eb500000|  0%| F|  |TAMS 0x00000000eb400000, 0x00000000eb400000| Untracked 
| 181|0x00000000eb500000, 0x00000000eb500000, 0x00000000eb600000|  0%| F|  |TAMS 0x00000000eb500000, 0x00000000eb500000| Untracked 
| 182|0x00000000eb600000, 0x00000000eb600000, 0x00000000eb700000|  0%| F|  |TAMS 0x00000000eb600000, 0x00000000eb600000| Untracked 
| 183|0x00000000eb700000, 0x00000000eb700000, 0x00000000eb800000|  0%| F|  |TAMS 0x00000000eb700000, 0x00000000eb700000| Untracked 
| 184|0x00000000eb800000, 0x00000000eb800000, 0x00000000eb900000|  0%| F|  |TAMS 0x00000000eb800000, 0x00000000eb800000| Untracked 
| 185|0x00000000eb900000, 0x00000000eb900000, 0x00000000eba00000|  0%| F|  |TAMS 0x00000000eb900000, 0x00000000eb900000| Untracked 
| 186|0x00000000eba00000, 0x00000000eba00000, 0x00000000ebb00000|  0%| F|  |TAMS 0x00000000eba00000, 0x00000000eba00000| Untracked 
| 187|0x00000000ebb00000, 0x00000000ebb00000, 0x00000000ebc00000|  0%| F|  |TAMS 0x00000000ebb00000, 0x00000000ebb00000| Untracked 
| 188|0x00000000ebc00000, 0x00000000ebc00000, 0x00000000ebd00000|  0%| F|  |TAMS 0x00000000ebc00000, 0x00000000ebc00000| Untracked 
| 189|0x00000000ebd00000, 0x00000000ebd00000, 0x00000000ebe00000|  0%| F|  |TAMS 0x00000000ebd00000, 0x00000000ebd00000| Untracked 
| 190|0x00000000ebe00000, 0x00000000ebe00000, 0x00000000ebf00000|  0%| F|  |TAMS 0x00000000ebe00000, 0x00000000ebe00000| Untracked 
| 191|0x00000000ebf00000, 0x00000000ebf00000, 0x00000000ec000000|  0%| F|  |TAMS 0x00000000ebf00000, 0x00000000ebf00000| Untracked 
| 192|0x00000000ec000000, 0x00000000ec000000, 0x00000000ec100000|  0%| F|  |TAMS 0x00000000ec000000, 0x00000000ec000000| Untracked 
| 193|0x00000000ec100000, 0x00000000ec100000, 0x00000000ec200000|  0%| F|  |TAMS 0x00000000ec100000, 0x00000000ec100000| Untracked 
| 194|0x00000000ec200000, 0x00000000ec200000, 0x00000000ec300000|  0%| F|  |TAMS 0x00000000ec200000, 0x00000000ec200000| Untracked 
| 195|0x00000000ec300000, 0x00000000ec300000, 0x00000000ec400000|  0%| F|  |TAMS 0x00000000ec300000, 0x00000000ec300000| Untracked 
| 196|0x00000000ec400000, 0x00000000ec400000, 0x00000000ec500000|  0%| F|  |TAMS 0x00000000ec400000, 0x00000000ec400000| Untracked 
| 197|0x00000000ec500000, 0x00000000ec500000, 0x00000000ec600000|  0%| F|  |TAMS 0x00000000ec500000, 0x00000000ec500000| Untracked 
| 198|0x00000000ec600000, 0x00000000ec600000, 0x00000000ec700000|  0%| F|  |TAMS 0x00000000ec600000, 0x00000000ec600000| Untracked 
| 199|0x00000000ec700000, 0x00000000ec700000, 0x00000000ec800000|  0%| F|  |TAMS 0x00000000ec700000, 0x00000000ec700000| Untracked 
| 200|0x00000000ec800000, 0x00000000ec800000, 0x00000000ec900000|  0%| F|  |TAMS 0x00000000ec800000, 0x00000000ec800000| Untracked 
| 201|0x00000000ec900000, 0x00000000ec900000, 0x00000000eca00000|  0%| F|  |TAMS 0x00000000ec900000, 0x00000000ec900000| Untracked 
| 202|0x00000000eca00000, 0x00000000eca00000, 0x00000000ecb00000|  0%| F|  |TAMS 0x00000000eca00000, 0x00000000eca00000| Untracked 
| 203|0x00000000ecb00000, 0x00000000ecb00000, 0x00000000ecc00000|  0%| F|  |TAMS 0x00000000ecb00000, 0x00000000ecb00000| Untracked 
| 204|0x00000000ecc00000, 0x00000000ecc00000, 0x00000000ecd00000|  0%| F|  |TAMS 0x00000000ecc00000, 0x00000000ecc00000| Untracked 
| 205|0x00000000ecd00000, 0x00000000ecd00000, 0x00000000ece00000|  0%| F|  |TAMS 0x00000000ecd00000, 0x00000000ecd00000| Untracked 
| 206|0x00000000ece00000, 0x00000000ece00000, 0x00000000ecf00000|  0%| F|  |TAMS 0x00000000ece00000, 0x00000000ece00000| Untracked 
| 207|0x00000000ecf00000, 0x00000000ecf00000, 0x00000000ed000000|  0%| F|  |TAMS 0x00000000ecf00000, 0x00000000ecf00000| Untracked 
| 208|0x00000000ed000000, 0x00000000ed000000, 0x00000000ed100000|  0%| F|  |TAMS 0x00000000ed000000, 0x00000000ed000000| Untracked 
| 209|0x00000000ed100000, 0x00000000ed100000, 0x00000000ed200000|  0%| F|  |TAMS 0x00000000ed100000, 0x00000000ed100000| Untracked 
| 210|0x00000000ed200000, 0x00000000ed200000, 0x00000000ed300000|  0%| F|  |TAMS 0x00000000ed200000, 0x00000000ed200000| Untracked 
| 211|0x00000000ed300000, 0x00000000ed300000, 0x00000000ed400000|  0%| F|  |TAMS 0x00000000ed300000, 0x00000000ed300000| Untracked 
| 212|0x00000000ed400000, 0x00000000ed400000, 0x00000000ed500000|  0%| F|  |TAMS 0x00000000ed400000, 0x00000000ed400000| Untracked 
| 213|0x00000000ed500000, 0x00000000ed500000, 0x00000000ed600000|  0%| F|  |TAMS 0x00000000ed500000, 0x00000000ed500000| Untracked 
| 214|0x00000000ed600000, 0x00000000ed600000, 0x00000000ed700000|  0%| F|  |TAMS 0x00000000ed600000, 0x00000000ed600000| Untracked 
| 215|0x00000000ed700000, 0x00000000ed700000, 0x00000000ed800000|  0%| F|  |TAMS 0x00000000ed700000, 0x00000000ed700000| Untracked 
| 216|0x00000000ed800000, 0x00000000ed800000, 0x00000000ed900000|  0%| F|  |TAMS 0x00000000ed800000, 0x00000000ed800000| Untracked 
| 217|0x00000000ed900000, 0x00000000ed900000, 0x00000000eda00000|  0%| F|  |TAMS 0x00000000ed900000, 0x00000000ed900000| Untracked 
| 218|0x00000000eda00000, 0x00000000eda00000, 0x00000000edb00000|  0%| F|  |TAMS 0x00000000eda00000, 0x00000000eda00000| Untracked 
| 219|0x00000000edb00000, 0x00000000edb00000, 0x00000000edc00000|  0%| F|  |TAMS 0x00000000edb00000, 0x00000000edb00000| Untracked 
| 220|0x00000000edc00000, 0x00000000edc00000, 0x00000000edd00000|  0%| F|  |TAMS 0x00000000edc00000, 0x00000000edc00000| Untracked 
| 221|0x00000000edd00000, 0x00000000edd00000, 0x00000000ede00000|  0%| F|  |TAMS 0x00000000edd00000, 0x00000000edd00000| Untracked 
| 222|0x00000000ede00000, 0x00000000ede00000, 0x00000000edf00000|  0%| F|  |TAMS 0x00000000ede00000, 0x00000000ede00000| Untracked 
| 223|0x00000000edf00000, 0x00000000edf00000, 0x00000000ee000000|  0%| F|  |TAMS 0x00000000edf00000, 0x00000000edf00000| Untracked 
| 224|0x00000000ee000000, 0x00000000ee000000, 0x00000000ee100000|  0%| F|  |TAMS 0x00000000ee000000, 0x00000000ee000000| Untracked 
| 225|0x00000000ee100000, 0x00000000ee100000, 0x00000000ee200000|  0%| F|  |TAMS 0x00000000ee100000, 0x00000000ee100000| Untracked 
| 226|0x00000000ee200000, 0x00000000ee200000, 0x00000000ee300000|  0%| F|  |TAMS 0x00000000ee200000, 0x00000000ee200000| Untracked 
| 227|0x00000000ee300000, 0x00000000ee300000, 0x00000000ee400000|  0%| F|  |TAMS 0x00000000ee300000, 0x00000000ee300000| Untracked 
| 228|0x00000000ee400000, 0x00000000ee400000, 0x00000000ee500000|  0%| F|  |TAMS 0x00000000ee400000, 0x00000000ee400000| Untracked 
| 229|0x00000000ee500000, 0x00000000ee500000, 0x00000000ee600000|  0%| F|  |TAMS 0x00000000ee500000, 0x00000000ee500000| Untracked 
| 230|0x00000000ee600000, 0x00000000ee600000, 0x00000000ee700000|  0%| F|  |TAMS 0x00000000ee600000, 0x00000000ee600000| Untracked 
| 231|0x00000000ee700000, 0x00000000ee700000, 0x00000000ee800000|  0%| F|  |TAMS 0x00000000ee700000, 0x00000000ee700000| Untracked 
| 232|0x00000000ee800000, 0x00000000ee800000, 0x00000000ee900000|  0%| F|  |TAMS 0x00000000ee800000, 0x00000000ee800000| Untracked 
| 233|0x00000000ee900000, 0x00000000ee900000, 0x00000000eea00000|  0%| F|  |TAMS 0x00000000ee900000, 0x00000000ee900000| Untracked 
| 234|0x00000000eea00000, 0x00000000eea00000, 0x00000000eeb00000|  0%| F|  |TAMS 0x00000000eea00000, 0x00000000eea00000| Untracked 
| 235|0x00000000eeb00000, 0x00000000eeb00000, 0x00000000eec00000|  0%| F|  |TAMS 0x00000000eeb00000, 0x00000000eeb00000| Untracked 
| 236|0x00000000eec00000, 0x00000000eec00000, 0x00000000eed00000|  0%| F|  |TAMS 0x00000000eec00000, 0x00000000eec00000| Untracked 
| 237|0x00000000eed00000, 0x00000000eed00000, 0x00000000eee00000|  0%| F|  |TAMS 0x00000000eed00000, 0x00000000eed00000| Untracked 
| 238|0x00000000eee00000, 0x00000000eee00000, 0x00000000eef00000|  0%| F|  |TAMS 0x00000000eee00000, 0x00000000eee00000| Untracked 
| 239|0x00000000eef00000, 0x00000000eef00000, 0x00000000ef000000|  0%| F|  |TAMS 0x00000000eef00000, 0x00000000eef00000| Untracked 
| 240|0x00000000ef000000, 0x00000000ef000000, 0x00000000ef100000|  0%| F|  |TAMS 0x00000000ef000000, 0x00000000ef000000| Untracked 
| 241|0x00000000ef100000, 0x00000000ef100000, 0x00000000ef200000|  0%| F|  |TAMS 0x00000000ef100000, 0x00000000ef100000| Untracked 
| 242|0x00000000ef200000, 0x00000000ef200000, 0x00000000ef300000|  0%| F|  |TAMS 0x00000000ef200000, 0x00000000ef200000| Untracked 
| 243|0x00000000ef300000, 0x00000000ef300000, 0x00000000ef400000|  0%| F|  |TAMS 0x00000000ef300000, 0x00000000ef300000| Untracked 
| 244|0x00000000ef400000, 0x00000000ef400000, 0x00000000ef500000|  0%| F|  |TAMS 0x00000000ef400000, 0x00000000ef400000| Untracked 
| 245|0x00000000ef500000, 0x00000000ef500000, 0x00000000ef600000|  0%| F|  |TAMS 0x00000000ef500000, 0x00000000ef500000| Untracked 
| 246|0x00000000ef600000, 0x00000000ef600000, 0x00000000ef700000|  0%| F|  |TAMS 0x00000000ef600000, 0x00000000ef600000| Untracked 
| 247|0x00000000ef700000, 0x00000000ef700000, 0x00000000ef800000|  0%| F|  |TAMS 0x00000000ef700000, 0x00000000ef700000| Untracked 
| 248|0x00000000ef800000, 0x00000000ef800000, 0x00000000ef900000|  0%| F|  |TAMS 0x00000000ef800000, 0x00000000ef800000| Untracked 
| 249|0x00000000ef900000, 0x00000000ef900000, 0x00000000efa00000|  0%| F|  |TAMS 0x00000000ef900000, 0x00000000ef900000| Untracked 
| 250|0x00000000efa00000, 0x00000000efa00000, 0x00000000efb00000|  0%| F|  |TAMS 0x00000000efa00000, 0x00000000efa00000| Untracked 
| 251|0x00000000efb00000, 0x00000000efb00000, 0x00000000efc00000|  0%| F|  |TAMS 0x00000000efb00000, 0x00000000efb00000| Untracked 
| 252|0x00000000efc00000, 0x00000000efc62e78, 0x00000000efd00000| 38%| E|  |TAMS 0x00000000efc00000, 0x00000000efc00000| Complete 
| 253|0x00000000efd00000, 0x00000000efe00000, 0x00000000efe00000|100%| E|CS|TAMS 0x00000000efd00000, 0x00000000efd00000| Complete 
| 254|0x00000000efe00000, 0x00000000eff00000, 0x00000000eff00000|100%| E|CS|TAMS 0x00000000efe00000, 0x00000000efe00000| Complete 
| 255|0x00000000eff00000, 0x00000000f0000000, 0x00000000f0000000|100%| E|CS|TAMS 0x00000000eff00000, 0x00000000eff00000| Complete 

Card table byte_map: [0x0000014f3d2e0000,0x0000014f3d3e0000] _byte_map_base: 0x0000014f3cbe0000

Marking Bits (Prev, Next): (CMBitMap*) 0x0000014f258bc310, (CMBitMap*) 0x0000014f258bc2d8
 Prev Bits: [0x0000014f3dce0000, 0x0000014f3e4e0000)
 Next Bits: [0x0000014f3d4e0000, 0x0000014f3dce0000)

Polling page: 0x0000014f23f70000

Metaspace:

Usage:
  Non-class:     52.79 MB capacity,    51.67 MB ( 98%) used,   934.73 KB (  2%) free+waste,   211.38 KB ( <1%) overhead. 
      Class:      8.44 MB capacity,     7.70 MB ( 91%) used,   658.25 KB (  8%) free+waste,   101.06 KB (  1%) overhead. 
       Both:     61.23 MB capacity,    59.37 MB ( 97%) used,     1.56 MB (  3%) free+waste,   312.44 KB ( <1%) overhead. 

Virtual space:
  Non-class space:       54.00 MB reserved,      52.90 MB ( 98%) committed 
      Class space:      248.00 MB reserved,       8.50 MB (  3%) committed 
             Both:      302.00 MB reserved,      61.40 MB ( 20%) committed 

Chunk freelists:
   Non-Class:  6.25 KB
       Class:  0 bytes
        Both:  6.25 KB

CodeHeap 'non-profiled nmethods': size=120064Kb used=5344Kb max_used=5344Kb free=114719Kb
 bounds [0x0000014f35680000, 0x0000014f35bc0000, 0x0000014f3cbc0000]
CodeHeap 'profiled nmethods': size=120000Kb used=17787Kb max_used=17787Kb free=102212Kb
 bounds [0x0000014f2e150000, 0x0000014f2f2c0000, 0x0000014f35680000]
CodeHeap 'non-nmethods': size=5696Kb used=2257Kb max_used=2317Kb free=3438Kb
 bounds [0x0000014f2dbc0000, 0x0000014f2de30000, 0x0000014f2e150000]
 total_blobs=10924 nmethods=8008 adapters=736
 compilation: enabled
              stopped_count=0, restarted_count=0
 full_count=0

Compilation events (10 events):
Event: 115.022 Thread 0x0000014f40b10800 8329       1       java.util.concurrent.ThreadPoolExecutor::getQueue (5 bytes)
Event: 115.023 Thread 0x0000014f40b10800 nmethod 8329 0x0000014f35bb7a10 code [0x0000014f35bb7bc0, 0x0000014f35bb7cd8]
Event: 115.784 Thread 0x0000014f40b10800 8330       3       org.gradle.internal.serialize.AbstractDecoder::readSmallInt (5 bytes)
Event: 115.785 Thread 0x0000014f40b10800 nmethod 8330 0x0000014f2f2b2190 code [0x0000014f2f2b2340, 0x0000014f2f2b2550]
Event: 116.021 Thread 0x0000014f40b10800 8331       3       java.util.concurrent.ScheduledThreadPoolExecutor$DelayedWorkQueue::setIndex (16 bytes)
Event: 116.021 Thread 0x0000014f40b10800 nmethod 8331 0x0000014f2f2b2610 code [0x0000014f2f2b27e0, 0x0000014f2f2b2b38]
Event: 120.413 Thread 0x0000014f40b01000 8332       4       java.util.concurrent.TimeUnit::toNanos (45 bytes)
Event: 120.416 Thread 0x0000014f40b01000 nmethod 8332 0x0000014f35bb7d90 code [0x0000014f35bb7f20, 0x0000014f35bb7ff8]
Event: 124.018 Thread 0x0000014f40b01000 8333       4       java.util.concurrent.locks.AbstractQueuedSynchronizer$ConditionObject::addConditionWaiter (79 bytes)
Event: 125.765 Thread 0x0000014f40b10800 8335       3       java.util.concurrent.LinkedBlockingDeque$AbstractItr::hasNext (13 bytes)

GC Heap History (10 events):
Event: 41.039 GC heap before
{Heap before GC invocations=9 (full 0):
 garbage-first heap   total 262144K, used 120853K [0x00000000e0000000, 0x0000000100000000)
  region size 1024K, 100 young (102400K), 7 survivors (7168K)
 Metaspace       used 44895K, capacity 45928K, committed 45980K, reserved 294912K
  class space    used 5731K, capacity 6125K, committed 6144K, reserved 253952K
}
Event: 41.131 GC heap after
{Heap after GC invocations=10 (full 0):
 garbage-first heap   total 262144K, used 29310K [0x00000000e0000000, 0x0000000100000000)
  region size 1024K, 13 young (13312K), 13 survivors (13312K)
 Metaspace       used 44895K, capacity 45928K, committed 45980K, reserved 294912K
  class space    used 5731K, capacity 6125K, committed 6144K, reserved 253952K
}
Event: 51.709 GC heap before
{Heap before GC invocations=11 (full 0):
 garbage-first heap   total 262144K, used 145022K [0x00000000e0000000, 0x0000000100000000)
  region size 1024K, 126 young (129024K), 13 survivors (13312K)
 Metaspace       used 53266K, capacity 54753K, committed 54940K, reserved 303104K
  class space    used 6985K, capacity 7555K, committed 7680K, reserved 253952K
}
Event: 51.828 GC heap after
{Heap after GC invocations=12 (full 0):
 garbage-first heap   total 262144K, used 34480K [0x00000000e0000000, 0x0000000100000000)
  region size 1024K, 12 young (12288K), 12 survivors (12288K)
 Metaspace       used 53266K, capacity 54753K, committed 54940K, reserved 303104K
  class space    used 6985K, capacity 7555K, committed 7680K, reserved 253952K
}
Event: 69.123 GC heap before
{Heap before GC invocations=12 (full 0):
 garbage-first heap   total 262144K, used 163504K [0x00000000e0000000, 0x0000000100000000)
  region size 1024K, 139 young (142336K), 12 survivors (12288K)
 Metaspace       used 59083K, capacity 60855K, committed 61084K, reserved 307200K
  class space    used 7710K, capacity 8421K, committed 8448K, reserved 253952K
}
Event: 69.281 GC heap after
{Heap after GC invocations=13 (full 0):
 garbage-first heap   total 262144K, used 42659K [0x00000000e0000000, 0x0000000100000000)
  region size 1024K, 14 young (14336K), 14 survivors (14336K)
 Metaspace       used 59083K, capacity 60855K, committed 61084K, reserved 307200K
  class space    used 7710K, capacity 8421K, committed 8448K, reserved 253952K
}
Event: 79.613 GC heap before
{Heap before GC invocations=13 (full 0):
 garbage-first heap   total 262144K, used 176803K [0x00000000e0000000, 0x0000000100000000)
  region size 1024K, 145 young (148480K), 14 survivors (14336K)
 Metaspace       used 60375K, capacity 62161K, committed 62236K, reserved 309248K
  class space    used 7827K, capacity 8548K, committed 8576K, reserved 253952K
}
Event: 79.682 GC heap after
{Heap after GC invocations=14 (full 0):
 garbage-first heap   total 262144K, used 44334K [0x00000000e0000000, 0x0000000100000000)
  region size 1024K, 9 young (9216K), 9 survivors (9216K)
 Metaspace       used 60375K, capacity 62161K, committed 62236K, reserved 309248K
  class space    used 7827K, capacity 8548K, committed 8576K, reserved 253952K
}
Event: 82.617 GC heap before
{Heap before GC invocations=14 (full 0):
 garbage-first heap   total 262144K, used 193838K [0x00000000e0000000, 0x0000000100000000)
  region size 1024K, 153 young (156672K), 9 survivors (9216K)
 Metaspace       used 60601K, capacity 62428K, committed 62620K, reserved 309248K
  class space    used 7859K, capacity 8594K, committed 8704K, reserved 253952K
}
Event: 82.693 GC heap after
{Heap after GC invocations=15 (full 0):
 garbage-first heap   total 262144K, used 42638K [0x00000000e0000000, 0x0000000100000000)
  region size 1024K, 8 young (8192K), 8 survivors (8192K)
 Metaspace       used 60601K, capacity 62428K, committed 62620K, reserved 309248K
  class space    used 7859K, capacity 8594K, committed 8704K, reserved 253952K
}

Deoptimization events (10 events):
Event: 78.357 Thread 0x0000014f43d9b800 Uncommon trap: reason=class_check action=maybe_recompile pc=0x0000014f357bf880 method=java.util.Collections$SetFromMap.remove(Ljava/lang/Object;)Z @ 5 c2
Event: 78.373 Thread 0x0000014f43d9b800 Uncommon trap: reason=unstable_if action=reinterpret pc=0x0000014f35b66e00 method=org.gradle.internal.snapshot.PathUtil.equalChars(CCLorg/gradle/internal/snapshot/CaseSensitivity;)Z @ 40 c2
Event: 78.373 Thread 0x0000014f43d9b800 Uncommon trap: reason=unstable_if action=reinterpret pc=0x0000014f359ab3ac method=org.gradle.internal.snapshot.PathUtil.equalChars(CCLorg/gradle/internal/snapshot/CaseSensitivity;)Z @ 40 c2
Event: 79.440 Thread 0x0000014f43d9b800 Uncommon trap: reason=class_check action=maybe_recompile pc=0x0000014f3591f304 method=java.util.stream.StreamOpFlag.fromCharacteristics(Ljava/util/Spliterator;)I @ 14 c2
Event: 81.890 Thread 0x0000014f43d9d000 Uncommon trap: reason=unstable_if action=reinterpret pc=0x0000014f35b94130 method=java.util.jar.Attributes$Name.hash(Ljava/lang/String;)I @ 96 c2
Event: 81.891 Thread 0x0000014f43d9d000 Uncommon trap: reason=unstable_if action=reinterpret pc=0x0000014f358669a4 method=java.util.jar.Attributes$Name.hash(Ljava/lang/String;)I @ 96 c2
Event: 82.085 Thread 0x0000014f43d9d000 Uncommon trap: reason=unstable_if action=reinterpret pc=0x0000014f35990f64 method=java.util.TreeMap.put(Ljava/lang/Object;Ljava/lang/Object;)Ljava/lang/Object; @ 163 c2
Event: 83.172 Thread 0x0000014f4635c000 Uncommon trap: reason=class_check action=maybe_recompile pc=0x0000014f35834704 method=java.io.BufferedInputStream.read1([BII)I @ 39 c2
Event: 91.669 Thread 0x0000014f4635c000 Uncommon trap: reason=class_check action=maybe_recompile pc=0x0000014f35834704 method=java.io.BufferedInputStream.read1([BII)I @ 39 c2
Event: 91.673 Thread 0x0000014f4635c000 Uncommon trap: reason=class_check action=maybe_recompile pc=0x0000014f35834704 method=java.io.BufferedInputStream.read1([BII)I @ 39 c2

Classes redefined (0 events):
No events

Internal exceptions (10 events):
Event: 81.305 Thread 0x0000014f43d9d000 Exception <a 'java/io/FileNotFoundException'{0x00000000ec864720}> (0x00000000ec864720) thrown at [t:/workspace/open/src/hotspot/share/prims/jni.cpp, line 615]
Event: 82.026 Thread 0x0000014f43d9d000 Exception <a 'java/lang/NoSuchMethodError'{0x00000000e9c572f0}: java.lang.invoke.DirectMethodHandle$Holder.invokeVirtual(Ljava/lang/Object;Ljava/lang/Object;)V> (0x00000000e9c572f0) thrown at [t:/workspace/open/src/hotspot/share/interpreter/linkResolver.c
Event: 82.096 Thread 0x0000014f43d9d000 Exception <a 'java/io/FileNotFoundException'{0x00000000e9b50178}> (0x00000000e9b50178) thrown at [t:/workspace/open/src/hotspot/share/prims/jni.cpp, line 615]
Event: 82.098 Thread 0x0000014f43d9d000 Exception <a 'java/io/FileNotFoundException'{0x00000000e9b52778}> (0x00000000e9b52778) thrown at [t:/workspace/open/src/hotspot/share/prims/jni.cpp, line 615]
Event: 82.100 Thread 0x0000014f43d9d000 Exception <a 'java/io/FileNotFoundException'{0x00000000e9b54b80}> (0x00000000e9b54b80) thrown at [t:/workspace/open/src/hotspot/share/prims/jni.cpp, line 615]
Event: 83.145 Thread 0x0000014f46358800 Exception <a 'java/lang/NoSuchMethodError'{0x00000000eff9c280}: java.lang.invoke.DirectMethodHandle$Holder.invokeStatic(Ljava/lang/Object;J)V> (0x00000000eff9c280) thrown at [t:/workspace/open/src/hotspot/share/interpreter/linkResolver.cpp, line 772]
Event: 83.147 Thread 0x0000014f46358800 Exception <a 'java/lang/NoSuchMethodError'{0x00000000effa7d48}: java.lang.invoke.DirectMethodHandle$Holder.invokeStatic(Ljava/lang/Object;J)Ljava/lang/Object;> (0x00000000effa7d48) thrown at [t:/workspace/open/src/hotspot/share/interpreter/linkResolver.cp
Event: 83.148 Thread 0x0000014f46358800 Exception <a 'java/lang/NoSuchMethodError'{0x00000000effab070}: java.lang.invoke.DirectMethodHandle$Holder.invokeSpecial(Ljava/lang/Object;Ljava/lang/Object;J)Ljava/lang/Object;> (0x00000000effab070) thrown at [t:/workspace/open/src/hotspot/share/interpre
Event: 83.153 Thread 0x0000014f46358800 Exception <a 'java/lang/NoSuchMethodError'{0x00000000effb2b60}: java.lang.invoke.DirectMethodHandle$Holder.invokeStatic(Ljava/lang/Object;Ljava/lang/Object;JLjava/lang/Object;)Ljava/lang/Object;> (0x00000000effb2b60) thrown at [t:/workspace/open/src/hotsp
Event: 83.154 Thread 0x0000014f46358800 Exception <a 'java/lang/NoSuchMethodError'{0x00000000effb5c40}: java.lang.invoke.DirectMethodHandle$Holder.invokeStaticInit(Ljava/lang/Object;Ljava/lang/Object;JLjava/lang/Object;)Ljava/lang/Object;> (0x00000000effb5c40) thrown at [t:/workspace/open/src/h

Events (10 events):
Event: 84.607 loading class org/gradle/execution/plan/DefaultPlanExecutor$ExecutorState$HealthState
Event: 84.607 loading class org/gradle/execution/plan/DefaultPlanExecutor$ExecutorState$HealthState done
Event: 84.607 loading class org/gradle/execution/plan/DefaultPlanExecutor
Event: 84.607 loading class org/gradle/execution/plan/DefaultPlanExecutor done
Event: 91.669 Thread 0x0000014f4635c000 Uncommon trap: trap_request=0xffffffde fr.pc=0x0000014f35834704 relative=0x00000000000001a4
Event: 91.669 Thread 0x0000014f4635c000 DEOPT PACKING pc=0x0000014f35834704 sp=0x0000004b6d3feae0
Event: 91.669 Thread 0x0000014f4635c000 DEOPT UNPACKING pc=0x0000014f2dbc802f sp=0x0000004b6d3fea68 mode 2
Event: 91.673 Thread 0x0000014f4635c000 Uncommon trap: trap_request=0xffffffde fr.pc=0x0000014f35834704 relative=0x00000000000001a4
Event: 91.673 Thread 0x0000014f4635c000 DEOPT PACKING pc=0x0000014f35834704 sp=0x0000004b6d3feae0
Event: 91.673 Thread 0x0000014f4635c000 DEOPT UNPACKING pc=0x0000014f2dbc802f sp=0x0000004b6d3fea68 mode 2


Dynamic libraries:
0x00007ff64f380000 - 0x00007ff64f3c5000 	C:\Program Files\Java\jdk-11.0.2\bin\java.exe
0x00007ffd9e550000 - 0x00007ffd9e748000 	C:\WINDOWS\SYSTEM32\ntdll.dll
0x00007ffd9cd90000 - 0x00007ffd9ce4f000 	C:\WINDOWS\System32\KERNEL32.DLL
0x00007ffd9bc50000 - 0x00007ffd9bf22000 	C:\WINDOWS\System32\KERNELBASE.dll
0x00007ffd9d170000 - 0x00007ffd9d311000 	C:\WINDOWS\System32\USER32.dll
0x00007ffd9c1a0000 - 0x00007ffd9c1c2000 	C:\WINDOWS\System32\win32u.dll
0x00007ffd9e480000 - 0x00007ffd9e4ab000 	C:\WINDOWS\System32\GDI32.dll
0x00007ffd9bf30000 - 0x00007ffd9c03f000 	C:\WINDOWS\System32\gdi32full.dll
0x00007ffd9c420000 - 0x00007ffd9c4bd000 	C:\WINDOWS\System32\msvcp_win.dll
0x00007ffd9c200000 - 0x00007ffd9c300000 	C:\WINDOWS\System32\ucrtbase.dll
0x00007ffd88630000 - 0x00007ffd888ca000 	C:\WINDOWS\WinSxS\amd64_microsoft.windows.common-controls_6595b64144ccf1df_6.0.19041.1110_none_60b5254171f9507e\COMCTL32.dll
0x00007ffd9d0a0000 - 0x00007ffd9d13e000 	C:\WINDOWS\System32\msvcrt.dll
0x00007ffd9d140000 - 0x00007ffd9d170000 	C:\WINDOWS\System32\IMM32.DLL
0x00007ffd93320000 - 0x00007ffd93336000 	C:\Program Files\Java\jdk-11.0.2\bin\vcruntime140.dll
0x00007ffd6e480000 - 0x00007ffd6e52a000 	C:\Program Files\Java\jdk-11.0.2\bin\msvcp140.dll
0x00007ffd55040000 - 0x00007ffd55b63000 	C:\Program Files\Java\jdk-11.0.2\bin\server\jvm.dll
0x00007ffd9e3d0000 - 0x00007ffd9e47e000 	C:\WINDOWS\System32\ADVAPI32.dll
0x00007ffd9d460000 - 0x00007ffd9d4fc000 	C:\WINDOWS\System32\sechost.dll
0x00007ffd9d320000 - 0x00007ffd9d444000 	C:\WINDOWS\System32\RPCRT4.dll
0x00007ffd9da40000 - 0x00007ffd9da48000 	C:\WINDOWS\System32\PSAPI.DLL
0x00007ffd86550000 - 0x00007ffd86559000 	C:\WINDOWS\SYSTEM32\WSOCK32.dll
0x00007ffd7b130000 - 0x00007ffd7b157000 	C:\WINDOWS\SYSTEM32\WINMM.dll
0x00007ffd9d760000 - 0x00007ffd9d7cb000 	C:\WINDOWS\System32\WS2_32.dll
0x00007ffd92740000 - 0x00007ffd9274a000 	C:\WINDOWS\SYSTEM32\VERSION.dll
0x00007ffd9a730000 - 0x00007ffd9a742000 	C:\WINDOWS\SYSTEM32\kernel.appcore.dll
0x00007ffd88150000 - 0x00007ffd88161000 	C:\Program Files\Java\jdk-11.0.2\bin\verify.dll
0x00007ffd999d0000 - 0x00007ffd99bb4000 	C:\WINDOWS\SYSTEM32\DBGHELP.DLL
0x00007ffd8b9c0000 - 0x00007ffd8b9f5000 	C:\WINDOWS\SYSTEM32\dbgcore.DLL
0x00007ffd9c510000 - 0x00007ffd9c592000 	C:\WINDOWS\System32\bcryptPrimitives.dll
0x00007ffd88120000 - 0x00007ffd88148000 	C:\Program Files\Java\jdk-11.0.2\bin\java.dll
0x00007ffd87990000 - 0x00007ffd879a6000 	C:\Program Files\Java\jdk-11.0.2\bin\zip.dll
0x00007ffd92f00000 - 0x00007ffd92f0a000 	C:\Program Files\Java\jdk-11.0.2\bin\jimage.dll
0x00007ffd9c640000 - 0x00007ffd9cd85000 	C:\WINDOWS\System32\SHELL32.dll
0x00007ffd99bc0000 - 0x00007ffd9a352000 	C:\WINDOWS\SYSTEM32\windows.storage.dll
0x00007ffd9dfc0000 - 0x00007ffd9e315000 	C:\WINDOWS\System32\combase.dll
0x00007ffd9b5d0000 - 0x00007ffd9b600000 	C:\WINDOWS\SYSTEM32\Wldp.dll
0x00007ffd9e320000 - 0x00007ffd9e3cd000 	C:\WINDOWS\System32\SHCORE.dll
0x00007ffd9cf70000 - 0x00007ffd9cfc5000 	C:\WINDOWS\System32\shlwapi.dll
0x00007ffd9bb90000 - 0x00007ffd9bbaf000 	C:\WINDOWS\SYSTEM32\profapi.dll
0x00007ffd86880000 - 0x00007ffd86899000 	C:\Program Files\Java\jdk-11.0.2\bin\net.dll
0x00007ffd8d5e0000 - 0x00007ffd8d6ea000 	C:\WINDOWS\SYSTEM32\WINHTTP.dll
0x00007ffd89700000 - 0x00007ffd898ec000 	C:\WINDOWS\SYSTEM32\urlmon.dll
0x00007ffd89a30000 - 0x00007ffd89ce1000 	C:\WINDOWS\SYSTEM32\iertutil.dll
0x00007ffd8d470000 - 0x00007ffd8d498000 	C:\WINDOWS\SYSTEM32\srvcli.dll
0x00007ffd9b130000 - 0x00007ffd9b13c000 	C:\WINDOWS\SYSTEM32\netutils.dll
0x00007ffd9b330000 - 0x00007ffd9b39a000 	C:\WINDOWS\system32\mswsock.dll
0x00007ffd86360000 - 0x00007ffd86373000 	C:\Program Files\Java\jdk-11.0.2\bin\nio.dll
0x00007ffd8ae70000 - 0x00007ffd8ae97000 	C:\Users\Adrita Bhattacharjee\.gradle\native\68d5fa5c4cc2d200863cafc0d521ce42e7d3e7ee720ec0a83991735586a16f82\windows-amd64\native-platform.dll
0x00007ffd6c510000 - 0x00007ffd6c654000 	C:\Users\Adrita Bhattacharjee\.gradle\native\e376f236ea51e6404a007f0833ffe2c6e607c4080706a723a18a27aeea778392\windows-amd64\native-platform-file-events.dll
0x00007ffd97660000 - 0x00007ffd97669000 	C:\Program Files\Java\jdk-11.0.2\bin\management.dll
0x00007ffd97650000 - 0x00007ffd9765c000 	C:\Program Files\Java\jdk-11.0.2\bin\management_ext.dll
0x00007ffd9b520000 - 0x00007ffd9b538000 	C:\WINDOWS\SYSTEM32\CRYPTSP.dll
0x00007ffd9ac50000 - 0x00007ffd9ac84000 	C:\WINDOWS\system32\rsaenh.dll
0x00007ffd9c1d0000 - 0x00007ffd9c1f7000 	C:\WINDOWS\System32\bcrypt.dll
0x00007ffd9bb10000 - 0x00007ffd9bb3e000 	C:\WINDOWS\SYSTEM32\USERENV.dll
0x00007ffd9b540000 - 0x00007ffd9b54c000 	C:\WINDOWS\SYSTEM32\CRYPTBASE.dll
0x00007ffd9b020000 - 0x00007ffd9b05b000 	C:\WINDOWS\SYSTEM32\IPHLPAPI.DLL
0x00007ffd9c5a0000 - 0x00007ffd9c5a8000 	C:\WINDOWS\System32\NSI.dll
0x00007ffd8d8a0000 - 0x00007ffd8d8b7000 	C:\WINDOWS\SYSTEM32\dhcpcsvc6.DLL
0x00007ffd91130000 - 0x00007ffd9114d000 	C:\WINDOWS\SYSTEM32\dhcpcsvc.DLL
0x00007ffd9b060000 - 0x00007ffd9b12b000 	C:\WINDOWS\SYSTEM32\DNSAPI.dll

dbghelp: loaded successfully - version: 4.0.5 - missing functions: none
symbol engine: initialized successfully - sym options: 0x614 - pdb path: .;C:\Program Files\Java\jdk-11.0.2\bin;C:\WINDOWS\SYSTEM32;C:\WINDOWS\WinSxS\amd64_microsoft.windows.common-controls_6595b64144ccf1df_6.0.19041.1110_none_60b5254171f9507e;C:\Program Files\Java\jdk-11.0.2\bin\server;C:\Users\Adrita Bhattacharjee\.gradle\native\68d5fa5c4cc2d200863cafc0d521ce42e7d3e7ee720ec0a83991735586a16f82\windows-amd64;C:\Users\Adrita Bhattacharjee\.gradle\native\e376f236ea51e6404a007f0833ffe2c6e607c4080706a723a18a27aeea778392\windows-amd64

VM Arguments:
jvm_args: --add-opens=java.base/java.util=ALL-UNNAMED --add-opens=java.base/java.lang=ALL-UNNAMED --add-opens=java.base/java.lang.invoke=ALL-UNNAMED --add-opens=java.prefs/java.util.prefs=ALL-UNNAMED --add-opens=java.base/java.nio.charset=ALL-UNNAMED --add-opens=java.base/java.net=ALL-UNNAMED --add-opens=java.base/java.util.concurrent.atomic=ALL-UNNAMED -XX:MaxMetaspaceSize=256m -XX:+HeapDumpOnOutOfMemoryError -Xms256m -Xmx512m -Dfile.encoding=windows-1252 -Duser.country=US -Duser.language=en -Duser.variant 
java_command: org.gradle.launcher.daemon.bootstrap.GradleDaemon 7.6
java_class_path (initial): C:\Users\Adrita Bhattacharjee\.gradle\wrapper\dists\gradle-7.6-bin\9l9tetv7ltxvx3i8an4pb86ye\gradle-7.6\lib\gradle-launcher-7.6.jar
Launcher Type: SUN_STANDARD

[Global flags]
     intx CICompilerCount                          = 3                                         {product} {ergonomic}
   size_t CompressedClassSpaceSize                 = 260046848                                 {product} {ergonomic}
     uint ConcGCThreads                            = 1                                         {product} {ergonomic}
     uint G1ConcRefinementThreads                  = 4                                         {product} {ergonomic}
   size_t G1HeapRegionSize                         = 1048576                                   {product} {ergonomic}
    uintx GCDrainStackTargetSize                   = 64                                        {product} {ergonomic}
     bool HeapDumpOnOutOfMemoryError               = true                                   {manageable} {command line}
   size_t InitialHeapSize                          = 268435456                                 {product} {command line}
   size_t MarkStackSize                            = 4194304                                   {product} {ergonomic}
   size_t MaxHeapSize                              = 536870912                                 {product} {command line}
   size_t MaxMetaspaceSize                         = 268435456                                 {product} {command line}
   size_t MaxNewSize                               = 321912832                                 {product} {ergonomic}
   size_t MinHeapDeltaBytes                        = 1048576                                   {product} {ergonomic}
    uintx NonNMethodCodeHeapSize                   = 5830092                                {pd product} {ergonomic}
    uintx NonProfiledCodeHeapSize                  = 122914074                              {pd product} {ergonomic}
    uintx ProfiledCodeHeapSize                     = 122914074                              {pd product} {ergonomic}
    uintx ReservedCodeCacheSize                    = 251658240                              {pd product} {ergonomic}
     bool SegmentedCodeCache                       = true                                      {product} {ergonomic}
     bool UseCompressedClassPointers               = true                                 {lp64_product} {ergonomic}
     bool UseCompressedOops                        = true                                 {lp64_product} {ergonomic}
     bool UseG1GC                                  = true                                      {product} {ergonomic}
     bool UseLargePagesIndividualAllocation        = false                                  {pd product} {ergonomic}

Logging:
Log output configuration:
 #0: stdout all=warning uptime,level,tags
 #1: stderr all=off uptime,level,tags

Environment Variables:
CLASSPATH=C:\Users\Adrita Bhattacharjee\Library-Management-System-main\backend\\gradle\wrapper\gradle-wrapper.jar
PATH=C:\WINDOWS\system32;C:\WINDOWS;C:\WINDOWS\System32\Wbem;C:\WINDOWS\System32\WindowsPowerShell\v1.0\;C:\WINDOWS\System32\OpenSSH\;C:\MinGW\bin;C:\Users\Adrita Bhattacharjee\AppData\Local\Programs\Python\Python310\;C:\Users\Adrita Bhattacharjee\AppData\Local\Programs\Python\Python310\Scripts\;C:\Program Files\MATLAB\R2018a\runtime\win64;C:\Program Files\MATLAB\R2018a\bin;C:\Program Files\Git\cmd;C:\Program Files\Java\jdk-11.0.2\bin;C:\Program Files\nodejs\;C:\Users\Adrita Bhattacharjee\AppData\Local\Microsoft\WindowsApps;C:\Users\Adrita Bhattacharjee\AppData\Local\Programs\Microsoft VS Code;C:\MinGW\bin;C:\iverilog\bin;C:\Users\Adrita Bhattacharjee\AppData\Local\Programs\Microsoft VS Code\bin;C:\iverilog\gtkwave\bin;C:\Program Files\Java\jdk-11.0.2\bin;C:\Users\Adrita Bhattacharjee\AppData\Roaming\npm
USERNAME=Adrita Bhattacharjee
OS=Windows_NT
PROCESSOR_IDENTIFIER=Intel64 Family 6 Model 126 Stepping 5, GenuineIntel



---------------  S Y S T E M  ---------------

OS: Windows 10 , 64 bit Build 19041 (10.0.19041.2546)

CPU:total 4 (initial active 4) (2 cores per cpu, 2 threads per core) family 6 model 126 stepping 5, cmov, cx8, fxsr, mmx, sse, sse2, sse3, ssse3, sse4.1, sse4.2, popcnt, avx, avx2, aes, clmul, erms, 3dnowpref, lzcnt, ht, tsc, tscinvbit, bmi1, bmi2, adx, evex, sha, fma

Memory: 4k page, system-wide physical 3891M (343M free)
TotalPageFile size 9879M (AvailPageFile size 7M)
current process WorkingSet (physical memory assigned to process): 233M, peak: 376M
current process commit charge ("private bytes"): 455M, peak: 489M

vm_info: OpenJDK 64-Bit Server VM (11.0.2+9) for windows-amd64 JRE (11.0.2+9), built on Jan 18 2019 05:23:22 by "mach5one" with MS VC++ 15.5 (VS2017)

END.
